<?xml version="1.0" encoding="UTF-8"?>
<testsuite errors="0" failures="0" hostname="stupsi" name="de.prob.prolog.output.PrologTermOutputTest" tests="13" time="0.173" timestamp="2011-07-18T09:37:58">
  <properties />
  <testcase classname="de.prob.prolog.output.PrologTermOutputTest" name="testTerms" time="0.011" />
  <testcase classname="de.prob.prolog.output.PrologTermOutputTest" name="testEscape" time="0.003" />
  <testcase classname="de.prob.prolog.output.PrologTermOutputTest" name="testEscape2" time="0.006" />
  <testcase classname="de.prob.prolog.output.PrologTermOutputTest" name="testLists" time="0.007" />
  <testcase classname="de.prob.prolog.output.PrologTermOutputTest" name="testStrings" time="0.001" />
  <testcase classname="de.prob.prolog.output.PrologTermOutputTest" name="testVariables" time="0.011" />
  <testcase classname="de.prob.prolog.output.PrologTermOutputTest" name="testInvalidVariables" time="0.012" />
  <testcase classname="de.prob.prolog.output.PrologTermOutputTest" name="testZeroArity" time="0.001" />
  <testcase classname="de.prob.prolog.output.PrologTermOutputTest" name="testInvalidLists1" time="0.001" />
  <testcase classname="de.prob.prolog.output.PrologTermOutputTest" name="testInvalidLists2" time="0.001" />
  <testcase classname="de.prob.prolog.output.PrologTermOutputTest" name="testInvalidTerms1" time="0.005" />
  <testcase classname="de.prob.prolog.output.PrologTermOutputTest" name="testInvalidTerms2" time="0.001" />
  <testcase classname="de.prob.prolog.output.PrologTermOutputTest" name="testAccents" time="0.006" />
  <system-out><![CDATA[]]></system-out>
  <system-err><![CDATA[]]></system-err>
</testsuite>
