<?xml version="1.0" encoding="UTF-8"?>
<testsuite errors="0" failures="0" hostname="stupsi" name="de.prob.prolog.term.ListPrologTermTest" tests="15" time="0.272" timestamp="2011-07-18T09:37:58">
  <properties />
  <testcase classname="de.prob.prolog.term.ListPrologTermTest" name="tailTestEmpty" time="0.008" />
  <testcase classname="de.prob.prolog.term.ListPrologTermTest" name="headTestEmpty" time="0.001" />
  <testcase classname="de.prob.prolog.term.ListPrologTermTest" name="tailTest2" time="0.014" />
  <testcase classname="de.prob.prolog.term.ListPrologTermTest" name="tailTest3" time="0.001" />
  <testcase classname="de.prob.prolog.term.ListPrologTermTest" name="initTest1" time="0.001" />
  <testcase classname="de.prob.prolog.term.ListPrologTermTest" name="initTest2" time="0.004" />
  <testcase classname="de.prob.prolog.term.ListPrologTermTest" name="testLength" time="0.005" />
  <testcase classname="de.prob.prolog.term.ListPrologTermTest" name="testGet" time="0.009" />
  <testcase classname="de.prob.prolog.term.ListPrologTermTest" name="testGetOutOfBounds" time="0.001" />
  <testcase classname="de.prob.prolog.term.ListPrologTermTest" name="testToTermOutput" time="0.001" />
  <testcase classname="de.prob.prolog.term.ListPrologTermTest" name="testIterator" time="0.002" />
  <testcase classname="de.prob.prolog.term.ListPrologTermTest" name="testEmptyIterator" time="0.001" />
  <testcase classname="de.prob.prolog.term.ListPrologTermTest" name="testSingletonIterator" time="0.013" />
  <testcase classname="de.prob.prolog.term.ListPrologTermTest" name="testMultiTail" time="0.001" />
  <testcase classname="de.prob.prolog.term.ListPrologTermTest" name="testMultiTail2" time="0.018" />
  <system-out><![CDATA[]]></system-out>
  <system-err><![CDATA[]]></system-err>
</testsuite>
