<?xml version="1.0" encoding="UTF-8"?>
<testsuite errors="0" failures="0" hostname="stupsi" name="DummyTest" tests="1" time="0.192" timestamp="2011-07-18T09:41:09">
  <properties />
  <testcase classname="DummyTest" name="testEmpty" time="0.009" />
  <system-out><![CDATA[]]></system-out>
  <system-err><![CDATA[]]></system-err>
</testsuite>
