<?xml version="1.0" encoding="UTF-8"?>
<testsuite errors="0" failures="0" hostname="stupsi" name="de.be4.classicalb.core.parser.PrimedIdentifierTest" tests="4" time="0.024" timestamp="2011-07-18T09:44:58">
  <properties />
  <testcase classname="de.be4.classicalb.core.parser.PrimedIdentifierTest" name="testBecomeSuchSubstitution" time="0.002" />
  <testcase classname="de.be4.classicalb.core.parser.PrimedIdentifierTest" name="testRestrictedUsage" time="0.001" />
  <testcase classname="de.be4.classicalb.core.parser.PrimedIdentifierTest" name="testDontPrimedIdentifiersInQuantifiers" time="0.001" />
  <testcase classname="de.be4.classicalb.core.parser.PrimedIdentifierTest" name="testPrimedIdentifiersInQuantifiers" time="0.002" />
  <system-out><![CDATA[]]></system-out>
  <system-err><![CDATA[]]></system-err>
</testsuite>
