<?xml version="1.0" encoding="UTF-8"?>
<testsuite errors="0" failures="0" hostname="stupsi" name="de.be4.classicalb.core.parser.prios.OneBinopAssoziativityTests" tests="31" time="0.381" timestamp="2011-07-18T09:45:09">
  <properties />
  <testcase classname="de.be4.classicalb.core.parser.prios.OneBinopAssoziativityTests" name="Assoziativity for multiplication or Cartesian product(*): testAssociativity" time="0.007" />
  <testcase classname="de.be4.classicalb.core.parser.prios.OneBinopAssoziativityTests" name="Assoziativity for power(**): testAssociativity" time="0.002" />
  <testcase classname="de.be4.classicalb.core.parser.prios.OneBinopAssoziativityTests" name="Assoziativity for addition(+): testAssociativity" time="0.003" />
  <testcase classname="de.be4.classicalb.core.parser.prios.OneBinopAssoziativityTests" name="Assoziativity for partial function(+-&gt;): testAssociativity" time="0.005" />
  <testcase classname="de.be4.classicalb.core.parser.prios.OneBinopAssoziativityTests" name="Assoziativity for partial surjection(+-&gt;&gt;): testAssociativity" time="0.005" />
  <testcase classname="de.be4.classicalb.core.parser.prios.OneBinopAssoziativityTests" name="Assoziativity for subtraction(-): testAssociativity" time="0.008" />
  <testcase classname="de.be4.classicalb.core.parser.prios.OneBinopAssoziativityTests" name="Assoziativity for total function(--&gt;): testAssociativity" time="0.006" />
  <testcase classname="de.be4.classicalb.core.parser.prios.OneBinopAssoziativityTests" name="Assoziativity for total surjection(--&gt;&gt;): testAssociativity" time="0.004" />
  <testcase classname="de.be4.classicalb.core.parser.prios.OneBinopAssoziativityTests" name="Assoziativity for insertion at front(-&gt;): testAssociativity" time="0.007" />
  <testcase classname="de.be4.classicalb.core.parser.prios.OneBinopAssoziativityTests" name="Assoziativity for interval(..): testAssociativity" time="0.005" />
  <testcase classname="de.be4.classicalb.core.parser.prios.OneBinopAssoziativityTests" name="Assoziativity for division(/): testAssociativity" time="0.008" />
  <testcase classname="de.be4.classicalb.core.parser.prios.OneBinopAssoziativityTests" name="Assoziativity for intersection(/\): testAssociativity" time="0.009" />
  <testcase classname="de.be4.classicalb.core.parser.prios.OneBinopAssoziativityTests" name="Assoziativity for restriction at front(/|\): testAssociativity" time="0.004" />
  <testcase classname="de.be4.classicalb.core.parser.prios.OneBinopAssoziativityTests" name="Assoziativity for composition(;): testAssociativity" time="0.008" />
  <testcase classname="de.be4.classicalb.core.parser.prios.OneBinopAssoziativityTests" name="Assoziativity for function override(&lt;+): testAssociativity" time="0.015" />
  <testcase classname="de.be4.classicalb.core.parser.prios.OneBinopAssoziativityTests" name="Assoziativity for relations(&lt;-&gt;): testAssociativity" time="0.018" />
  <testcase classname="de.be4.classicalb.core.parser.prios.OneBinopAssoziativityTests" name="Assoziativity for insertion at end(&lt;-): testAssociativity" time="0.003" />
  <testcase classname="de.be4.classicalb.core.parser.prios.OneBinopAssoziativityTests" name="Assoziativity for domain subtraction(&lt;&lt;|): testAssociativity" time="0.006" />
  <testcase classname="de.be4.classicalb.core.parser.prios.OneBinopAssoziativityTests" name="Assoziativity for domain restriction(&lt;|): testAssociativity" time="0.004" />
  <testcase classname="de.be4.classicalb.core.parser.prios.OneBinopAssoziativityTests" name="Assoziativity for partial injection(&gt;+&gt;): testAssociativity" time="0.004" />
  <testcase classname="de.be4.classicalb.core.parser.prios.OneBinopAssoziativityTests" name="Assoziativity for total injection(&gt;-&gt;): testAssociativity" time="0.009" />
  <testcase classname="de.be4.classicalb.core.parser.prios.OneBinopAssoziativityTests" name="Assoziativity for total bijection(&gt;-&gt;&gt;): testAssociativity" time="0.006" />
  <testcase classname="de.be4.classicalb.core.parser.prios.OneBinopAssoziativityTests" name="Assoziativity for direct relational product(&gt;&lt;): testAssociativity" time="0.008" />
  <testcase classname="de.be4.classicalb.core.parser.prios.OneBinopAssoziativityTests" name="Assoziativity for union(\/): testAssociativity" time="0.005" />
  <testcase classname="de.be4.classicalb.core.parser.prios.OneBinopAssoziativityTests" name="Assoziativity for restriction of sequence(\|/): testAssociativity" time="0.017" />
  <testcase classname="de.be4.classicalb.core.parser.prios.OneBinopAssoziativityTests" name="Assoziativity for concatenation(^): testAssociativity" time="0.008" />
  <testcase classname="de.be4.classicalb.core.parser.prios.OneBinopAssoziativityTests" name="Assoziativity for modulo(mod): testAssociativity" time="0.003" />
  <testcase classname="de.be4.classicalb.core.parser.prios.OneBinopAssoziativityTests" name="Assoziativity for maplet(|-&gt;): testAssociativity" time="0.012" />
  <testcase classname="de.be4.classicalb.core.parser.prios.OneBinopAssoziativityTests" name="Assoziativity for range restriction(|&gt;): testAssociativity" time="0.006" />
  <testcase classname="de.be4.classicalb.core.parser.prios.OneBinopAssoziativityTests" name="Assoziativity for range subtraction(|&gt;&gt;): testAssociativity" time="0.017" />
  <testcase classname="de.be4.classicalb.core.parser.prios.OneBinopAssoziativityTests" name="Assoziativity for relational parallel product(||): testAssociativity" time="0.003" />
  <system-out><![CDATA[]]></system-out>
  <system-err><![CDATA[]]></system-err>
</testsuite>
