<?xml version="1.0" encoding="UTF-8"?>
<testsuite errors="0" failures="0" hostname="stupsi" name="de.be4.classicalb.core.parser.UnparsableMachineTest" tests="9" time="1.217" timestamp="2011-07-18T09:44:30">
  <properties />
  <testcase classname="de.be4.classicalb.core.parser.UnparsableMachineTest" name="Inutile3.mch: testParsable" time="0.055" />
  <testcase classname="de.be4.classicalb.core.parser.UnparsableMachineTest" name="SyntaxError_CausesLongParserExeption.mch: testParsable" time="0.089" />
  <testcase classname="de.be4.classicalb.core.parser.UnparsableMachineTest" name="Microwave.mch: testParsable" time="0.063" />
  <testcase classname="de.be4.classicalb.core.parser.UnparsableMachineTest" name="Definitions_const_list.mch: testParsable" time="0.016" />
  <testcase classname="de.be4.classicalb.core.parser.UnparsableMachineTest" name="Sample2.mch: testParsable" time="0.258" />
  <testcase classname="de.be4.classicalb.core.parser.UnparsableMachineTest" name="ChainLinkPuzzleSyntaxErr.mch: testParsable" time="0.039" />
  <testcase classname="de.be4.classicalb.core.parser.UnparsableMachineTest" name="fman_a.mch: testParsable" time="0.307" />
  <testcase classname="de.be4.classicalb.core.parser.UnparsableMachineTest" name="Channels.mch: testParsable" time="0.004" />
  <testcase classname="de.be4.classicalb.core.parser.UnparsableMachineTest" name="SetLaws_err.mch: testParsable" time="0.207" />
  <system-out><![CDATA[]]></system-out>
  <system-err><![CDATA[]]></system-err>
</testsuite>
