<?xml version="1.0" encoding="UTF-8"?>
<testsuite errors="0" failures="0" hostname="stupsi" name="de.be4.classicalb.core.parser.DefinitionsTest" tests="32" time="2.248" timestamp="2011-07-18T09:44:27">
  <properties />
  <testcase classname="de.be4.classicalb.core.parser.DefinitionsTest" name="testDefinitions1" time="0.112" />
  <testcase classname="de.be4.classicalb.core.parser.DefinitionsTest" name="testDefinitions2" time="0.154" />
  <testcase classname="de.be4.classicalb.core.parser.DefinitionsTest" name="testDefinitions3" time="0.076" />
  <testcase classname="de.be4.classicalb.core.parser.DefinitionsTest" name="testDefinitions4" time="0.062" />
  <testcase classname="de.be4.classicalb.core.parser.DefinitionsTest" name="testKeywordInRhs" time="0.022" />
  <testcase classname="de.be4.classicalb.core.parser.DefinitionsTest" name="testScoping1" time="0.023" />
  <testcase classname="de.be4.classicalb.core.parser.DefinitionsTest" name="testScoping2" time="0.035" />
  <testcase classname="de.be4.classicalb.core.parser.DefinitionsTest" name="testScoping3" time="0.028" />
  <testcase classname="de.be4.classicalb.core.parser.DefinitionsTest" name="testUnparsableRhs" time="0.04" />
  <testcase classname="de.be4.classicalb.core.parser.DefinitionsTest" name="testExprInParanthesis" time="0.027" />
  <testcase classname="de.be4.classicalb.core.parser.DefinitionsTest" name="testDoubleSemicolon" time="0.01" />
  <testcase classname="de.be4.classicalb.core.parser.DefinitionsTest" name="testDefClause" time="0.021" />
  <testcase classname="de.be4.classicalb.core.parser.DefinitionsTest" name="testSemicolonInDef1" time="0.039" />
  <testcase classname="de.be4.classicalb.core.parser.DefinitionsTest" name="testSemicolonInDef2" time="0.039" />
  <testcase classname="de.be4.classicalb.core.parser.DefinitionsTest" name="testSemicolonInDef3" time="0.553" />
  <testcase classname="de.be4.classicalb.core.parser.DefinitionsTest" name="testDefWithNesting1" time="0.087" />
  <testcase classname="de.be4.classicalb.core.parser.DefinitionsTest" name="testDefWithNesting2" time="0.043" />
  <testcase classname="de.be4.classicalb.core.parser.DefinitionsTest" name="testDefWithNesting3" time="0.057" />
  <testcase classname="de.be4.classicalb.core.parser.DefinitionsTest" name="testDefWithNesting4" time="0.046" />
  <testcase classname="de.be4.classicalb.core.parser.DefinitionsTest" name="testSemicolonAtEnd1" time="0.014" />
  <testcase classname="de.be4.classicalb.core.parser.DefinitionsTest" name="testSemicolonAtEnd2" time="0.045" />
  <testcase classname="de.be4.classicalb.core.parser.DefinitionsTest" name="testExprOrSubst1" time="0.028" />
  <testcase classname="de.be4.classicalb.core.parser.DefinitionsTest" name="testExprOrSubst2" time="0.026" />
  <testcase classname="de.be4.classicalb.core.parser.DefinitionsTest" name="testExprOrSubst3" time="0.04" />
  <testcase classname="de.be4.classicalb.core.parser.DefinitionsTest" name="testExprOrSubst4" time="0.025" />
  <testcase classname="de.be4.classicalb.core.parser.DefinitionsTest" name="testExprOrSubstWParams1" time="0.036" />
  <testcase classname="de.be4.classicalb.core.parser.DefinitionsTest" name="testExprOrSubstWParams2" time="0.039" />
  <testcase classname="de.be4.classicalb.core.parser.DefinitionsTest" name="testExprOrSubstWParams3" time="0.044" />
  <testcase classname="de.be4.classicalb.core.parser.DefinitionsTest" name="testExprOrSubstWParams4" time="0.027" />
  <ignored-testcase classname="de.be4.classicalb.core.parser.DefinitionsTest" name="testPredicateAsParameter" time="0.003" />
  <testcase classname="de.be4.classicalb.core.parser.DefinitionsTest" name="testParamsCount1" time="0.061" />
  <ignored-testcase classname="de.be4.classicalb.core.parser.DefinitionsTest" name="testParamsCount2" time="0.001" />
  <system-out><![CDATA[TOtherClauseBegin('MACHINE') TSomething(' ') TSomething('T') TSomething('e') TSomething('s') TSomething('t') TSomething('
') TDefinitions('DEFINITIONS') TIdentifierLiteral('def_sub1') TBeginDefBody('==') TRhsBody('skip') TSemicolon(';') TIdentifierLiteral('def_pred1') TBeginDefBody('==') TRhsBody('2 > x') TSemicolon(';') TIdentifierLiteral('def_expr1') TBeginDefBody('==') TRhsBody('41 + 1') TOtherClauseBegin('OPERATIONS') TSomething(' ') TSomething('o') TSomething('p') TSomething(' ') TSomething('=') TSomething(' ') TSomething('P') TSomething('R') TSomething('E') TSomething(' ') TSomething('d') TSomething('e') TSomething('f') TSomething('_') TSomething('p') TSomething('r') TSomething('e') TSomething('d') TSomething('1') TSomething(' ') TSomething('T') TSomething('H') TSomething('E') TSomething('N') TSomething(' ') TSomething('i') TSomething(' ') TSomething(':') TSomething('=') TSomething(' ') TSomething('d') TSomething('e') TSomething('f') TSomething('_') TSomething('e') TSomething('x') TSomething('p') TSomething('r') TSomething('1') TSomething(' ') TSomething('|') TSomething('|') TSomething(' ') TSomething('d') TSomething('e') TSomething('f') TSomething('_') TSomething('s') TSomething('u') TSomething('b') TSomething('1') TSomething(' ') TEndMachine('END') TSomething(' ') TEndMachine('END') TKwPredicate('#PREDICATE') TSkip('skip') TKwExpression('#EXPRESSION') TSkip('skip') TKwSubstitution('#SUBSTITUTION') TSkip('skip') TKwPredicate('#PREDICATE') TIntegerLiteral('2') TGreater('>') TIdentifierLiteral('x') TKwPredicate('#PREDICATE') TIntegerLiteral('41') TPlus('+') TIntegerLiteral('1') TKwExpression('#EXPRESSION') TIntegerLiteral('41') TPlus('+') TIntegerLiteral('1') TKwSubstitution('#SUBSTITUTION') TIntegerLiteral('41') TPlus('+') TIntegerLiteral('1') 
TMachine('MACHINE') TIdentifierLiteral('Test') TDefinitions('DEFINITIONS') TDefLiteralSubstitution('def_sub1') TDoubleEqual('==') TSkip('skip') TSemicolon(';') TDefLiteralPredicate('def_pred1') TDoubleEqual('==') TIntegerLiteral('2') TGreater('>') TIdentifierLiteral('x') TSemicolon(';') TIdentifierLiteral('def_expr1') TDoubleEqual('==') TIntegerLiteral('41') TPlus('+') TIntegerLiteral('1') TOperations('OPERATIONS') TIdentifierLiteral('op') TEqual('=') TPre('PRE') TDefLiteralPredicate('def_pred1') TThen('THEN') TIdentifierLiteral('i') TAssign(':=') TIdentifierLiteral('def_expr1') TDoubleVerticalBar('||') TDefLiteralSubstitution('def_sub1') TEnd('END') TEnd('END') TOtherClauseBegin('MACHINE') TSomething(' ') TSomething('T') TSomething('e') TSomething('s') TSomething('t') TSomething('
') TDefinitions('DEFINITIONS') TIdentifierLiteral('def_sub1') TBeginDefBody('==') TRhsBody('skip') TSemicolon(';') TIdentifierLiteral('def_pred1') TBeginDefBody('==') TRhsBody('2 > x') TSemicolon(';') TIdentifierLiteral('def_expr1') TBeginDefBody('==') TRhsBody('41 + 1') TSemicolon(';') TIdentifierLiteral('def_expr2') TLeftPar('(') TIdentifierLiteral('a') TComma(',') TIdentifierLiteral('b') TComma(',') TIdentifierLiteral('c') TRightPar(')') TBeginDefBody('==') TRhsBody('a+b*c') TOtherClauseBegin('OPERATIONS') TSomething(' ') TSomething('o') TSomething('p') TSomething(' ') TSomething('=') TSomething(' ') TSomething('P') TSomething('R') TSomething('E') TSomething(' ') TSomething('d') TSomething('e') TSomething('f') TSomething('_') TSomething('p') TSomething('r') TSomething('e') TSomething('d') TSomething('1') TSomething(' ') TSomething('T') TSomething('H') TSomething('E') TSomething('N') TSomething(' ') TSomething('i') TSomething(' ') TSomething(':') TSomething('=') TSomething(' ') TSomething('d') TSomething('e') TSomething('f') TSomething('_') TSomething('e') TSomething('x') TSomething('p') TSomething('r') TSomething('1') TSomething(' ') TSomething('|') TSomething('|') TSomething(' ') TSomething('d') TSomething('e') TSomething('f') TSomething('_') TSomething('s') TSomething('u') TSomething('b') TSomething('1') TSomething(' ') TSomething('|') TSomething('|') TSomething(' ') TSomething('j') TSomething(' ') TSomething(':') TSomething('=') TSomething(' ') TSomething('d') TSomething('e') TSomething('f') TSomething('_') TSomething('e') TSomething('x') TSomething('p') TSomething('r') TSomething('2') TSomething('(') TSomething('1') TSomething(',') TSomething('2') TSomething(',') TSomething('3') TSomething(')') TSomething(' ') TEndMachine('END') TSomething(' ') TEndMachine('END') TKwPredicate('#PREDICATE') TSkip('skip') TKwExpression('#EXPRESSION') TSkip('skip') TKwSubstitution('#SUBSTITUTION') TSkip('skip') TKwPredicate('#PREDICATE') TIntegerLiteral('2') TGreater('>') TIdentifierLiteral('x') TKwPredicate('#PREDICATE') TIntegerLiteral('41') TPlus('+') TIntegerLiteral('1') TKwExpression('#EXPRESSION') TIntegerLiteral('41') TPlus('+') TIntegerLiteral('1') TKwSubstitution('#SUBSTITUTION') TIntegerLiteral('41') TPlus('+') TIntegerLiteral('1') TKwPredicate('#PREDICATE') TIdentifierLiteral('a') TPlus('+') TIdentifierLiteral('b') TProduct('*') TIdentifierLiteral('c') TKwExpression('#EXPRESSION') TIdentifierLiteral('a') TPlus('+') TIdentifierLiteral('b') TProduct('*') TIdentifierLiteral('c') TKwSubstitution('#SUBSTITUTION') TIdentifierLiteral('a') TPlus('+') TIdentifierLiteral('b') TProduct('*') TIdentifierLiteral('c') 
TMachine('MACHINE') TIdentifierLiteral('Test') TDefinitions('DEFINITIONS') TDefLiteralSubstitution('def_sub1') TDoubleEqual('==') TSkip('skip') TSemicolon(';') TDefLiteralPredicate('def_pred1') TDoubleEqual('==') TIntegerLiteral('2') TGreater('>') TIdentifierLiteral('x') TSemicolon(';') TIdentifierLiteral('def_expr1') TDoubleEqual('==') TIntegerLiteral('41') TPlus('+') TIntegerLiteral('1') TSemicolon(';') TIdentifierLiteral('def_expr2') TLeftPar('(') TIdentifierLiteral('a') TComma(',') TIdentifierLiteral('b') TComma(',') TIdentifierLiteral('c') TRightPar(')') TDoubleEqual('==') TIdentifierLiteral('a') TPlus('+') TIdentifierLiteral('b') TProduct('*') TIdentifierLiteral('c') TOperations('OPERATIONS') TIdentifierLiteral('op') TEqual('=') TPre('PRE') TDefLiteralPredicate('def_pred1') TThen('THEN') TIdentifierLiteral('i') TAssign(':=') TIdentifierLiteral('def_expr1') TDoubleVerticalBar('||') TDefLiteralSubstitution('def_sub1') TDoubleVerticalBar('||') TIdentifierLiteral('j') TAssign(':=') TIdentifierLiteral('def_expr2') TLeftPar('(') TIntegerLiteral('1') TComma(',') TIntegerLiteral('2') TComma(',') TIntegerLiteral('3') TRightPar(')') TEnd('END') TEnd('END') TOtherClauseBegin('MACHINE') TSomething(' ') TSomething('T') TSomething('e') TSomething('s') TSomething('t') TSomething('
') TDefinitions('DEFINITIONS') TIdentifierLiteral('def_expr1') TBeginDefBody('==') TRhsBody('41 + 1') TSemicolon(';') TIdentifierLiteral('def_expr2') TLeftPar('(') TIdentifierLiteral('a') TComma(',') TIdentifierLiteral('b') TComma(',') TIdentifierLiteral('c') TRightPar(')') TBeginDefBody('==') TRhsBody('a+b*c') TOtherClauseBegin('OPERATIONS') TSomething(' ') TSomething('o') TSomething('p') TSomething(' ') TSomething('=') TSomething(' ') TSomething('P') TSomething('R') TSomething('E') TSomething(' ') TSomething('1') TSomething(' ') TSomething('=') TSomething(' ') TSomething('1') TSomething(' ') TSomething('T') TSomething('H') TSomething('E') TSomething('N') TSomething(' ') TSomething('i') TSomething(' ') TSomething(':') TSomething('=') TSomething(' ') TSomething('d') TSomething('e') TSomething('f') TSomething('_') TSomething('e') TSomething('x') TSomething('p') TSomething('r') TSomething('2') TSomething('(') TSomething('1') TSomething(',') TSomething('d') TSomething('e') TSomething('f') TSomething('_') TSomething('e') TSomething('x') TSomething('p') TSomething('r') TSomething('1') TSomething(',') TSomething('3') TSomething(')') TSomething(' ') TEndMachine('END') TSomething(' ') TEndMachine('END') TKwPredicate('#PREDICATE') TIntegerLiteral('41') TPlus('+') TIntegerLiteral('1') TKwExpression('#EXPRESSION') TIntegerLiteral('41') TPlus('+') TIntegerLiteral('1') TKwSubstitution('#SUBSTITUTION') TIntegerLiteral('41') TPlus('+') TIntegerLiteral('1') TKwPredicate('#PREDICATE') TIdentifierLiteral('a') TPlus('+') TIdentifierLiteral('b') TProduct('*') TIdentifierLiteral('c') TKwExpression('#EXPRESSION') TIdentifierLiteral('a') TPlus('+') TIdentifierLiteral('b') TProduct('*') TIdentifierLiteral('c') TKwSubstitution('#SUBSTITUTION') TIdentifierLiteral('a') TPlus('+') TIdentifierLiteral('b') TProduct('*') TIdentifierLiteral('c') 
TMachine('MACHINE') TIdentifierLiteral('Test') TDefinitions('DEFINITIONS') TIdentifierLiteral('def_expr1') TDoubleEqual('==') TIntegerLiteral('41') TPlus('+') TIntegerLiteral('1') TSemicolon(';') TIdentifierLiteral('def_expr2') TLeftPar('(') TIdentifierLiteral('a') TComma(',') TIdentifierLiteral('b') TComma(',') TIdentifierLiteral('c') TRightPar(')') TDoubleEqual('==') TIdentifierLiteral('a') TPlus('+') TIdentifierLiteral('b') TProduct('*') TIdentifierLiteral('c') TOperations('OPERATIONS') TIdentifierLiteral('op') TEqual('=') TPre('PRE') TIntegerLiteral('1') TEqual('=') TIntegerLiteral('1') TThen('THEN') TIdentifierLiteral('i') TAssign(':=') TIdentifierLiteral('def_expr2') TLeftPar('(') TIntegerLiteral('1') TComma(',') TIdentifierLiteral('def_expr1') TComma(',') TIntegerLiteral('3') TRightPar(')') TEnd('END') TEnd('END') TOtherClauseBegin('MACHINE') TSomething(' ') TSomething('T') TSomething('e') TSomething('s') TSomething('t') TDefinitions('DEFINITIONS') TIdentifierLiteral('def_expr1') TBeginDefBody('==') TRhsBody('41 + 1') TSemicolon(';') TIdentifierLiteral('def_expr2') TLeftPar('(') TIdentifierLiteral('a') TComma(',') TIdentifierLiteral('b') TComma(',') TIdentifierLiteral('c') TRightPar(')') TBeginDefBody('==') TRhsBody('a+def_expr1*c') TEndMachine('END') TKwPredicate('#PREDICATE') TIntegerLiteral('41') TPlus('+') TIntegerLiteral('1') TKwExpression('#EXPRESSION') TIntegerLiteral('41') TPlus('+') TIntegerLiteral('1') TKwSubstitution('#SUBSTITUTION') TIntegerLiteral('41') TPlus('+') TIntegerLiteral('1') TKwPredicate('#PREDICATE') TIdentifierLiteral('a') TPlus('+') TIdentifierLiteral('def_expr1') TProduct('*') TIdentifierLiteral('c') TKwExpression('#EXPRESSION') TIdentifierLiteral('a') TPlus('+') TIdentifierLiteral('def_expr1') TProduct('*') TIdentifierLiteral('c') TKwSubstitution('#SUBSTITUTION') TIdentifierLiteral('a') TPlus('+') TIdentifierLiteral('def_expr1') TProduct('*') TIdentifierLiteral('c') 
TMachine('MACHINE') TIdentifierLiteral('Test') TDefinitions('DEFINITIONS') TIdentifierLiteral('def_expr1') TDoubleEqual('==') TIntegerLiteral('41') TPlus('+') TIntegerLiteral('1') TSemicolon(';') TIdentifierLiteral('def_expr2') TLeftPar('(') TIdentifierLiteral('a') TComma(',') TIdentifierLiteral('b') TComma(',') TIdentifierLiteral('c') TRightPar(')') TDoubleEqual('==') TIdentifierLiteral('a') TPlus('+') TIdentifierLiteral('def_expr1') TProduct('*') TIdentifierLiteral('c') TEnd('END') TOtherClauseBegin('MACHINE') TSomething(' ') TSomething('T') TSomething('e') TSomething('s') TSomething('t') TSomething('
') TDefinitions('DEFINITIONS') TIdentifierLiteral('STACKSTART') TBeginDefBody('==') TRhsBody('(MAXVAR+1)') TSemicolon(';') TIdentifierLiteral('X') TBeginDefBody('==') TRhsBody('5') TEndMachine('END') TKwPredicate('#PREDICATE') TLeftPar('(') TIdentifierLiteral('MAXVAR') TPlus('+') TIntegerLiteral('1') TRightPar(')') TKwExpression('#EXPRESSION') TLeftPar('(') TIdentifierLiteral('MAXVAR') TPlus('+') TIntegerLiteral('1') TRightPar(')') TKwSubstitution('#SUBSTITUTION') TLeftPar('(') TIdentifierLiteral('MAXVAR') TPlus('+') TIntegerLiteral('1') TRightPar(')') TKwPredicate('#PREDICATE') TIntegerLiteral('5') TKwExpression('#EXPRESSION') TIntegerLiteral('5') TKwSubstitution('#SUBSTITUTION') TIntegerLiteral('5') 
TMachine('MACHINE') TIdentifierLiteral('Test') TDefinitions('DEFINITIONS') TIdentifierLiteral('STACKSTART') TDoubleEqual('==') TLeftPar('(') TIdentifierLiteral('MAXVAR') TPlus('+') TIntegerLiteral('1') TRightPar(')') TSemicolon(';') TIdentifierLiteral('X') TDoubleEqual('==') TIntegerLiteral('5') TEnd('END') TOtherClauseBegin('MACHINE') TSomething(' ') TSomething('T') TSomething('e') TSomething('s') TSomething('t') TSomething('
') TDefinitions('DEFINITIONS') TIdentifierLiteral('def_expr1') TBeginDefBody('==') TRhsBody('42') TOtherClauseBegin('OPERATIONS') TSomething(' ') TSomething('o') TSomething('p') TSomething(' ') TSomething('=') TSomething(' ') TSomething('P') TSomething('R') TSomething('E') TSomething(' ') TSomething('#') TSomething(' ') TSomething('d') TSomething('e') TSomething('f') TSomething('_') TSomething('e') TSomething('x') TSomething('p') TSomething('r') TSomething('1') TSomething(' ') TSomething('.') TSomething(' ') TSomething('(') TSomething('d') TSomething('e') TSomething('f') TSomething('_') TSomething('e') TSomething('x') TSomething('p') TSomething('r') TSomething('1') TSomething(' ') TSomething('<') TSomething(' ') TSomething('4') TSomething('3') TSomething(')') TSomething(' ') TSomething('T') TSomething('H') TSomething('E') TSomething('N') TSomething(' ') TSomething('s') TSomething('k') TSomething('i') TSomething('p') TSomething(' ') TEndMachine('END') TSomething(' ') TEndMachine('END') TKwPredicate('#PREDICATE') TIntegerLiteral('42') TKwExpression('#EXPRESSION') TIntegerLiteral('42') TKwSubstitution('#SUBSTITUTION') TIntegerLiteral('42') 
TMachine('MACHINE') TIdentifierLiteral('Test') TDefinitions('DEFINITIONS') TIdentifierLiteral('def_expr1') TDoubleEqual('==') TIntegerLiteral('42') TOperations('OPERATIONS') TIdentifierLiteral('op') TEqual('=') TPre('PRE') TExists('#') TIdentifierLiteral('def_expr1') TDotPar('. (') TIdentifierLiteral('def_expr1') TLess('<') TIntegerLiteral('43') TRightPar(')') TThen('THEN') TSkip('skip') TEnd('END') TEnd('END') TOtherClauseBegin('MACHINE') TSomething(' ') TSomething('T') TSomething('e') TSomething('s') TSomething('t') TSomething('
') TDefinitions('DEFINITIONS') TIdentifierLiteral('def_expr1') TBeginDefBody('==') TRhsBody('42') TOtherClauseBegin('OPERATIONS') TSomething(' ') TSomething('o') TSomething('p') TSomething(' ') TSomething('=') TSomething(' ') TSomething('P') TSomething('R') TSomething('E') TSomething(' ') TSomething('#') TSomething(' ') TSomething('d') TSomething('e') TSomething('f') TSomething('_') TSomething('e') TSomething('x') TSomething('p') TSomething('r') TSomething('1') TSomething(' ') TSomething('.') TSomething(' ') TSomething('(') TSomething('#') TSomething(' ') TSomething('d') TSomething('e') TSomething('f') TSomething('_') TSomething('e') TSomething('x') TSomething('p') TSomething('r') TSomething('1') TSomething(' ') TSomething('.') TSomething(' ') TSomething('(') TSomething('d') TSomething('e') TSomething('f') TSomething('_') TSomething('e') TSomething('x') TSomething('p') TSomething('r') TSomething('1') TSomething(' ') TSomething('<') TSomething(' ') TSomething('4') TSomething('3') TSomething(')') TSomething(' ') TSomething('&') TSomething(' ') TSomething('d') TSomething('e') TSomething('f') TSomething('_') TSomething('e') TSomething('x') TSomething('p') TSomething('r') TSomething('1') TSomething(' ') TSomething('>') TSomething(' ') TSomething('4') TSomething('1') TSomething(' ') TSomething(')') TSomething(' ') TSomething('&') TSomething(' ') TSomething('d') TSomething('e') TSomething('f') TSomething('_') TSomething('e') TSomething('x') TSomething('p') TSomething('r') TSomething('1') TSomething(' ') TSomething('=') TSomething(' ') TSomething('4') TSomething('2') TSomething(' ') TSomething('T') TSomething('H') TSomething('E') TSomething('N') TSomething(' ') TSomething('s') TSomething('k') TSomething('i') TSomething('p') TSomething(' ') TEndMachine('END') TSomething(' ') TEndMachine('END') TKwPredicate('#PREDICATE') TIntegerLiteral('42') TKwExpression('#EXPRESSION') TIntegerLiteral('42') TKwSubstitution('#SUBSTITUTION') TIntegerLiteral('42') 
TMachine('MACHINE') TIdentifierLiteral('Test') TDefinitions('DEFINITIONS') TIdentifierLiteral('def_expr1') TDoubleEqual('==') TIntegerLiteral('42') TOperations('OPERATIONS') TIdentifierLiteral('op') TEqual('=') TPre('PRE') TExists('#') TIdentifierLiteral('def_expr1') TDotPar('. (') TExists('#') TIdentifierLiteral('def_expr1') TDotPar('. (') TIdentifierLiteral('def_expr1') TLess('<') TIntegerLiteral('43') TRightPar(')') TConjunction('&') TIdentifierLiteral('def_expr1') TGreater('>') TIntegerLiteral('41') TRightPar(')') TConjunction('&') TIdentifierLiteral('def_expr1') TEqual('=') TIntegerLiteral('42') TThen('THEN') TSkip('skip') TEnd('END') TEnd('END') TOtherClauseBegin('MACHINE') TSomething(' ') TSomething('T') TSomething('e') TSomething('s') TSomething('t') TSomething('
') TDefinitions('DEFINITIONS') TIdentifierLiteral('def_expr1') TBeginDefBody('==') TRhsBody('42') TOtherClauseBegin('OPERATIONS') TSomething(' ') TSomething('o') TSomething('p') TSomething(' ') TSomething('=') TSomething(' ') TSomething('P') TSomething('R') TSomething('E') TSomething(' ') TSomething('!') TSomething(' ') TSomething('d') TSomething('e') TSomething('f') TSomething('_') TSomething('e') TSomething('x') TSomething('p') TSomething('r') TSomething('1') TSomething(' ') TSomething('.') TSomething(' ') TSomething('(') TSomething('d') TSomething('e') TSomething('f') TSomething('_') TSomething('e') TSomething('x') TSomething('p') TSomething('r') TSomething('1') TSomething(' ') TSomething('<') TSomething(' ') TSomething('4') TSomething('3') TSomething(')') TSomething(' ') TSomething('T') TSomething('H') TSomething('E') TSomething('N') TSomething(' ') TSomething('s') TSomething('k') TSomething('i') TSomething('p') TSomething(' ') TEndMachine('END') TSomething(' ') TEndMachine('END') TKwPredicate('#PREDICATE') TIntegerLiteral('42') TKwExpression('#EXPRESSION') TIntegerLiteral('42') TKwSubstitution('#SUBSTITUTION') TIntegerLiteral('42') 
TMachine('MACHINE') TIdentifierLiteral('Test') TDefinitions('DEFINITIONS') TIdentifierLiteral('def_expr1') TDoubleEqual('==') TIntegerLiteral('42') TOperations('OPERATIONS') TIdentifierLiteral('op') TEqual('=') TPre('PRE') TForAny('!') TIdentifierLiteral('def_expr1') TDotPar('. (') TIdentifierLiteral('def_expr1') TLess('<') TIntegerLiteral('43') TRightPar(')') TThen('THEN') TSkip('skip') TEnd('END') TEnd('END') TOtherClauseBegin('MACHINE') TSomething(' ') TSomething('T') TSomething('e') TSomething('s') TSomething('t') TSomething('
') TDefinitions('DEFINITIONS') TIdentifierLiteral('def_expr1') TBeginDefBody('==') TRhsBody('42 <') TOtherClauseBegin('OPERATIONS') TSomething(' ') TSomething('o') TSomething('p') TSomething(' ') TSomething('=') TSomething(' ') TSomething('P') TSomething('R') TSomething('E') TSomething(' ') TSomething('d') TSomething('e') TSomething('f') TSomething('_') TSomething('e') TSomething('x') TSomething('p') TSomething('r') TSomething('1') TSomething(' ') TSomething('T') TSomething('H') TSomething('E') TSomething('N') TSomething(' ') TSomething('s') TSomething('k') TSomething('i') TSomething('p') TSomething(' ') TEndMachine('END') TSomething(' ') TEndMachine('END') TKwPredicate('#PREDICATE') TIntegerLiteral('42') TLess('<') TKwExpression('#EXPRESSION') TIntegerLiteral('42') TLess('<') TKwSubstitution('#SUBSTITUTION') TIntegerLiteral('42') TLess('<') [2,25] expecting wellformed expression, predicate or substitution as DEFINITION body (DEFINITION arguments assumed to be expressions)
  in file: testcase
TOtherClauseBegin('MACHINE') TSomething(' ') TSomething('B') TSomething('o') TSomething('o') TSomething('l') TSomething('L') TSomething('a') TSomething('w') TSomething('s') TSomething('
') TDefinitions('DEFINITIONS') TIdentifierLiteral('pt') TBeginDefBody('==') TRhsBody('(PP=TRUE)') TSemicolon(';') TIdentifierLiteral('qt') TBeginDefBody('==') TRhsBody('(QQ=TRUE)') TEndMachine('END') TKwPredicate('#PREDICATE') TLeftPar('(') TIdentifierLiteral('PP') TEqual('=') TTrue('TRUE') TRightPar(')') TKwPredicate('#PREDICATE') TLeftPar('(') TIdentifierLiteral('QQ') TEqual('=') TTrue('TRUE') TRightPar(')') 
TMachine('MACHINE') TIdentifierLiteral('BoolLaws') TDefinitions('DEFINITIONS') TDefLiteralPredicate('pt') TDoubleEqual('==') TLeftPar('(') TIdentifierLiteral('PP') TEqual('=') TTrue('TRUE') TRightPar(')') TSemicolon(';') TDefLiteralPredicate('qt') TDoubleEqual('==') TLeftPar('(') TIdentifierLiteral('QQ') TEqual('=') TTrue('TRUE') TRightPar(')') TEnd('END') TOtherClauseBegin('MACHINE') TSomething(' ') TSomething('T') TSomething('e') TSomething('s') TSomething('t') TSomething('
') TDefinitions('DEFINITIONS') TIdentifierLiteral('pt') TBeginDefBody('==') TRhsBody('(PP=TRUE)') TSemicolon(';') TSemicolon(';') TKwDefinitions('#DEFINITIONS') TSomething(' ') TDefinitions('DEFINITIONS') TIdentifierLiteral('def2') TBeginDefBody('==') TRhsBody('y') TSemicolon(';') TIdentifierLiteral('def1') TBeginDefBody('==') TRhsBody('xx') TKwPredicate('#PREDICATE') TIdentifierLiteral('y') TKwExpression('#EXPRESSION') TIdentifierLiteral('y') TKwSubstitution('#SUBSTITUTION') TIdentifierLiteral('y') TKwPredicate('#PREDICATE') TIdentifierLiteral('xx') TKwExpression('#EXPRESSION') TIdentifierLiteral('xx') TKwSubstitution('#SUBSTITUTION') TIdentifierLiteral('xx') 
TKwDefinitions('#DEFINITIONS') TDefinitions('DEFINITIONS') TIdentifierLiteral('def2') TDoubleEqual('==') TIdentifierLiteral('y') TSemicolon(';') TIdentifierLiteral('def1') TDoubleEqual('==') TIdentifierLiteral('xx') TKwDefinitions('#DEFINITIONS') TSomething(' ') TDefinitions('DEFINITIONS') TIdentifierLiteral('def1') TBeginDefBody('==') TRhsBody('(f;g)') TSemicolon(';') TIdentifierLiteral('def2') TBeginDefBody('==') TRhsBody('skip') TKwPredicate('#PREDICATE') TLeftPar('(') TIdentifierLiteral('f') TSemicolon(';') TIdentifierLiteral('g') TRightPar(')') TKwExpression('#EXPRESSION') TLeftPar('(') TIdentifierLiteral('f') TSemicolon(';') TIdentifierLiteral('g') TRightPar(')') TKwSubstitution('#SUBSTITUTION') TLeftPar('(') TIdentifierLiteral('f') TSemicolon(';') TIdentifierLiteral('g') TRightPar(')') TKwPredicate('#PREDICATE') TSkip('skip') TKwExpression('#EXPRESSION') TSkip('skip') TKwSubstitution('#SUBSTITUTION') TSkip('skip') 
TKwDefinitions('#DEFINITIONS') TDefinitions('DEFINITIONS') TIdentifierLiteral('def1') TDoubleEqual('==') TLeftPar('(') TIdentifierLiteral('f') TSemicolon(';') TIdentifierLiteral('g') TRightPar(')') TSemicolon(';') TDefLiteralSubstitution('def2') TDoubleEqual('==') TSkip('skip') TKwDefinitions('#DEFINITIONS') TSomething(' ') TDefinitions('DEFINITIONS') TIdentifierLiteral('law6') TBeginDefBody('==') TRhsBody('(dom((ff ; (gg~))) <: dom(ff))') TKwPredicate('#PREDICATE') TLeftPar('(') TDom('dom') TLeftPar('(') TLeftPar('(') TIdentifierLiteral('ff') TSemicolon(';') TLeftPar('(') TIdentifierLiteral('gg') TTilde('~') TRightPar(')') TRightPar(')') TRightPar(')') TInclusion('<:') TDom('dom') TLeftPar('(') TIdentifierLiteral('ff') TRightPar(')') TRightPar(')') 
TKwDefinitions('#DEFINITIONS') TDefinitions('DEFINITIONS') TDefLiteralPredicate('law6') TDoubleEqual('==') TLeftPar('(') TDom('dom') TLeftPar('(') TLeftPar('(') TIdentifierLiteral('ff') TSemicolon(';') TLeftPar('(') TIdentifierLiteral('gg') TTilde('~') TRightPar(')') TRightPar(')') TRightPar(')') TInclusion('<:') TDom('dom') TLeftPar('(') TIdentifierLiteral('ff') TRightPar(')') TRightPar(')') TKwDefinitions('#DEFINITIONS') TSomething(' ') TDefinitions('DEFINITIONS') TIdentifierLiteral('law1') TBeginDefBody('==') TRhsBody('(dom(ff\/gg) = dom(ff) \/ dom(gg))') TSemicolon(';') TIdentifierLiteral('law2') TBeginDefBody('==') TRhsBody('(ran(ff\/gg) = ran(ff) \/ ran(gg))') TSemicolon(';') TIdentifierLiteral('law3') TBeginDefBody('==') TRhsBody('(dom(ff/\gg) <: dom(ff) /\ dom(gg))') TSemicolon(';') TIdentifierLiteral('law4') TBeginDefBody('==') TRhsBody('(ran(ff/\gg) <: ran(ff) /\ ran(gg))') TSemicolon(';') TIdentifierLiteral('law5') TBeginDefBody('==') TRhsBody('( (ff \/ gg)~ = ff~ \/ gg~)') TSemicolon(';') TIdentifierLiteral('law6') TBeginDefBody('==') TRhsBody('(dom((ff ; (gg~))) <: dom(ff))') TSemicolon(';') TIdentifierLiteral('law7') TBeginDefBody('==') TRhsBody('(!(xx,yy).(xx:setX & yy:setY & xx|->yy : ff  =>  yy: ran(gg))
              =>  (dom((ff ; (gg~))) = dom(ff)))') TSemicolon(';') TIdentifierLiteral('law8') TBeginDefBody('==') TRhsBody('(ff : setX --> setY  <=>  (ff: setX +-> setY & dom(ff) = setX))') TSemicolon(';') TIdentifierLiteral('ff_is_pf') TBeginDefBody('==') TRhsBody('(!(xx,yy,zz).((xx:setX & yy:setY & zz:setY &
                    xx|->yy:ff & xx|->zz:ff) => (yy=zz)))') TSemicolon(';') TIdentifierLiteral('law9') TBeginDefBody('==') TRhsBody('(ff : setX +-> setY  <=> ff_is_pf)') TSemicolon(';') TIdentifierLiteral('law10') TBeginDefBody('==') TRhsBody('(ff : setX >->> setY  <=>  (ff : setX >-> setY  &  ff~: setY >-> setX))') TSemicolon(';') TIdentifierLiteral('law11') TBeginDefBody('==') TRhsBody('(ff : setX >+> setY  <=> (ff: setX +-> setY &
                                !(xx,yy).(xx:setX & yy:setX & xx/=yy & xx:dom(ff) & yy: dom(ff)  => ff(xx)/=ff(yy))))') TSemicolon(';') TIdentifierLiteral('law12') TBeginDefBody('==') TRhsBody('(ff : setX +->> setY  <=>  (ff: setX +-> setY &
                                    !yy.(yy:setY => yy: ran(ff))))') TKwPredicate('#PREDICATE') TLeftPar('(') TDom('dom') TLeftPar('(') TIdentifierLiteral('ff') TUnion('\/') TIdentifierLiteral('gg') TRightPar(')') TEqual('=') TDom('dom') TLeftPar('(') TIdentifierLiteral('ff') TRightPar(')') TUnion('\/') TDom('dom') TLeftPar('(') TIdentifierLiteral('gg') TRightPar(')') TRightPar(')') TKwPredicate('#PREDICATE') TLeftPar('(') TRan('ran') TLeftPar('(') TIdentifierLiteral('ff') TUnion('\/') TIdentifierLiteral('gg') TRightPar(')') TEqual('=') TRan('ran') TLeftPar('(') TIdentifierLiteral('ff') TRightPar(')') TUnion('\/') TRan('ran') TLeftPar('(') TIdentifierLiteral('gg') TRightPar(')') TRightPar(')') TKwPredicate('#PREDICATE') TLeftPar('(') TDom('dom') TLeftPar('(') TIdentifierLiteral('ff') TIntersection('/\') TIdentifierLiteral('gg') TRightPar(')') TInclusion('<:') TDom('dom') TLeftPar('(') TIdentifierLiteral('ff') TRightPar(')') TIntersection('/\') TDom('dom') TLeftPar('(') TIdentifierLiteral('gg') TRightPar(')') TRightPar(')') TKwPredicate('#PREDICATE') TLeftPar('(') TRan('ran') TLeftPar('(') TIdentifierLiteral('ff') TIntersection('/\') TIdentifierLiteral('gg') TRightPar(')') TInclusion('<:') TRan('ran') TLeftPar('(') TIdentifierLiteral('ff') TRightPar(')') TIntersection('/\') TRan('ran') TLeftPar('(') TIdentifierLiteral('gg') TRightPar(')') TRightPar(')') TKwPredicate('#PREDICATE') TLeftPar('(') TLeftPar('(') TIdentifierLiteral('ff') TUnion('\/') TIdentifierLiteral('gg') TRightPar(')') TTilde('~') TEqual('=') TIdentifierLiteral('ff') TTilde('~') TUnion('\/') TIdentifierLiteral('gg') TTilde('~') TRightPar(')') TKwPredicate('#PREDICATE') TLeftPar('(') TDom('dom') TLeftPar('(') TLeftPar('(') TIdentifierLiteral('ff') TSemicolon(';') TLeftPar('(') TIdentifierLiteral('gg') TTilde('~') TRightPar(')') TRightPar(')') TRightPar(')') TInclusion('<:') TDom('dom') TLeftPar('(') TIdentifierLiteral('ff') TRightPar(')') TRightPar(')') TKwPredicate('#PREDICATE') TLeftPar('(') TForAny('!') TLeftPar('(') TIdentifierLiteral('xx') TComma(',') TIdentifierLiteral('yy') TRightPar(')') TDotPar('.(') TIdentifierLiteral('xx') TElementOf(':') TIdentifierLiteral('setX') TConjunction('&') TIdentifierLiteral('yy') TElementOf(':') TIdentifierLiteral('setY') TConjunction('&') TIdentifierLiteral('xx') TMaplet('|->') TIdentifierLiteral('yy') TElementOf(':') TIdentifierLiteral('ff') TImplies('=>') TIdentifierLiteral('yy') TElementOf(':') TRan('ran') TLeftPar('(') TIdentifierLiteral('gg') TRightPar(')') TRightPar(')') TImplies('=>') TLeftPar('(') TDom('dom') TLeftPar('(') TLeftPar('(') TIdentifierLiteral('ff') TSemicolon(';') TLeftPar('(') TIdentifierLiteral('gg') TTilde('~') TRightPar(')') TRightPar(')') TRightPar(')') TEqual('=') TDom('dom') TLeftPar('(') TIdentifierLiteral('ff') TRightPar(')') TRightPar(')') TRightPar(')') TKwPredicate('#PREDICATE') TLeftPar('(') TIdentifierLiteral('ff') TElementOf(':') TIdentifierLiteral('setX') TTotalFunction('-->') TIdentifierLiteral('setY') TEquivalence('<=>') TLeftPar('(') TIdentifierLiteral('ff') TElementOf(':') TIdentifierLiteral('setX') TPartialFunction('+->') TIdentifierLiteral('setY') TConjunction('&') TDom('dom') TLeftPar('(') TIdentifierLiteral('ff') TRightPar(')') TEqual('=') TIdentifierLiteral('setX') TRightPar(')') TRightPar(')') TKwPredicate('#PREDICATE') TLeftPar('(') TForAny('!') TLeftPar('(') TIdentifierLiteral('xx') TComma(',') TIdentifierLiteral('yy') TComma(',') TIdentifierLiteral('zz') TRightPar(')') TDotPar('.(') TLeftPar('(') TIdentifierLiteral('xx') TElementOf(':') TIdentifierLiteral('setX') TConjunction('&') TIdentifierLiteral('yy') TElementOf(':') TIdentifierLiteral('setY') TConjunction('&') TIdentifierLiteral('zz') TElementOf(':') TIdentifierLiteral('setY') TConjunction('&') TIdentifierLiteral('xx') TMaplet('|->') TIdentifierLiteral('yy') TElementOf(':') TIdentifierLiteral('ff') TConjunction('&') TIdentifierLiteral('xx') TMaplet('|->') TIdentifierLiteral('zz') TElementOf(':') TIdentifierLiteral('ff') TRightPar(')') TImplies('=>') TLeftPar('(') TIdentifierLiteral('yy') TEqual('=') TIdentifierLiteral('zz') TRightPar(')') TRightPar(')') TRightPar(')') TKwPredicate('#PREDICATE') TLeftPar('(') TIdentifierLiteral('ff') TElementOf(':') TIdentifierLiteral('setX') TPartialFunction('+->') TIdentifierLiteral('setY') TEquivalence('<=>') TDefLiteralPredicate('ff_is_pf') TRightPar(')') TKwPredicate('#PREDICATE') TLeftPar('(') TIdentifierLiteral('ff') TElementOf(':') TIdentifierLiteral('setX') TTotalBijection('>->>') TIdentifierLiteral('setY') TEquivalence('<=>') TLeftPar('(') TIdentifierLiteral('ff') TElementOf(':') TIdentifierLiteral('setX') TTotalInjection('>->') TIdentifierLiteral('setY') TConjunction('&') TIdentifierLiteral('ff') TTilde('~') TElementOf(':') TIdentifierLiteral('setY') TTotalInjection('>->') TIdentifierLiteral('setX') TRightPar(')') TRightPar(')') TKwPredicate('#PREDICATE') TLeftPar('(') TIdentifierLiteral('ff') TElementOf(':') TIdentifierLiteral('setX') TPartialInjection('>+>') TIdentifierLiteral('setY') TEquivalence('<=>') TLeftPar('(') TIdentifierLiteral('ff') TElementOf(':') TIdentifierLiteral('setX') TPartialFunction('+->') TIdentifierLiteral('setY') TConjunction('&') TForAny('!') TLeftPar('(') TIdentifierLiteral('xx') TComma(',') TIdentifierLiteral('yy') TRightPar(')') TDotPar('.(') TIdentifierLiteral('xx') TElementOf(':') TIdentifierLiteral('setX') TConjunction('&') TIdentifierLiteral('yy') TElementOf(':') TIdentifierLiteral('setX') TConjunction('&') TIdentifierLiteral('xx') TNotEqual('/=') TIdentifierLiteral('yy') TConjunction('&') TIdentifierLiteral('xx') TElementOf(':') TDom('dom') TLeftPar('(') TIdentifierLiteral('ff') TRightPar(')') TConjunction('&') TIdentifierLiteral('yy') TElementOf(':') TDom('dom') TLeftPar('(') TIdentifierLiteral('ff') TRightPar(')') TImplies('=>') TIdentifierLiteral('ff') TLeftPar('(') TIdentifierLiteral('xx') TRightPar(')') TNotEqual('/=') TIdentifierLiteral('ff') TLeftPar('(') TIdentifierLiteral('yy') TRightPar(')') TRightPar(')') TRightPar(')') TRightPar(')') TKwPredicate('#PREDICATE') TLeftPar('(') TIdentifierLiteral('ff') TElementOf(':') TIdentifierLiteral('setX') TPartialSurjection('+->>') TIdentifierLiteral('setY') TEquivalence('<=>') TLeftPar('(') TIdentifierLiteral('ff') TElementOf(':') TIdentifierLiteral('setX') TPartialFunction('+->') TIdentifierLiteral('setY') TConjunction('&') TForAny('!') TIdentifierLiteral('yy') TDotPar('.(') TIdentifierLiteral('yy') TElementOf(':') TIdentifierLiteral('setY') TImplies('=>') TIdentifierLiteral('yy') TElementOf(':') TRan('ran') TLeftPar('(') TIdentifierLiteral('ff') TRightPar(')') TRightPar(')') TRightPar(')') TRightPar(')') 
TKwDefinitions('#DEFINITIONS') TDefinitions('DEFINITIONS') TDefLiteralPredicate('law1') TDoubleEqual('==') TLeftPar('(') TDom('dom') TLeftPar('(') TIdentifierLiteral('ff') TUnion('\/') TIdentifierLiteral('gg') TRightPar(')') TEqual('=') TDom('dom') TLeftPar('(') TIdentifierLiteral('ff') TRightPar(')') TUnion('\/') TDom('dom') TLeftPar('(') TIdentifierLiteral('gg') TRightPar(')') TRightPar(')') TSemicolon(';') TDefLiteralPredicate('law2') TDoubleEqual('==') TLeftPar('(') TRan('ran') TLeftPar('(') TIdentifierLiteral('ff') TUnion('\/') TIdentifierLiteral('gg') TRightPar(')') TEqual('=') TRan('ran') TLeftPar('(') TIdentifierLiteral('ff') TRightPar(')') TUnion('\/') TRan('ran') TLeftPar('(') TIdentifierLiteral('gg') TRightPar(')') TRightPar(')') TSemicolon(';') TDefLiteralPredicate('law3') TDoubleEqual('==') TLeftPar('(') TDom('dom') TLeftPar('(') TIdentifierLiteral('ff') TIntersection('/\') TIdentifierLiteral('gg') TRightPar(')') TInclusion('<:') TDom('dom') TLeftPar('(') TIdentifierLiteral('ff') TRightPar(')') TIntersection('/\') TDom('dom') TLeftPar('(') TIdentifierLiteral('gg') TRightPar(')') TRightPar(')') TSemicolon(';') TDefLiteralPredicate('law4') TDoubleEqual('==') TLeftPar('(') TRan('ran') TLeftPar('(') TIdentifierLiteral('ff') TIntersection('/\') TIdentifierLiteral('gg') TRightPar(')') TInclusion('<:') TRan('ran') TLeftPar('(') TIdentifierLiteral('ff') TRightPar(')') TIntersection('/\') TRan('ran') TLeftPar('(') TIdentifierLiteral('gg') TRightPar(')') TRightPar(')') TSemicolon(';') TDefLiteralPredicate('law5') TDoubleEqual('==') TLeftPar('(') TLeftPar('(') TIdentifierLiteral('ff') TUnion('\/') TIdentifierLiteral('gg') TRightPar(')') TTilde('~') TEqual('=') TIdentifierLiteral('ff') TTilde('~') TUnion('\/') TIdentifierLiteral('gg') TTilde('~') TRightPar(')') TSemicolon(';') TDefLiteralPredicate('law6') TDoubleEqual('==') TLeftPar('(') TDom('dom') TLeftPar('(') TLeftPar('(') TIdentifierLiteral('ff') TSemicolon(';') TLeftPar('(') TIdentifierLiteral('gg') TTilde('~') TRightPar(')') TRightPar(')') TRightPar(')') TInclusion('<:') TDom('dom') TLeftPar('(') TIdentifierLiteral('ff') TRightPar(')') TRightPar(')') TSemicolon(';') TDefLiteralPredicate('law7') TDoubleEqual('==') TLeftPar('(') TForAny('!') TLeftPar('(') TIdentifierLiteral('xx') TComma(',') TIdentifierLiteral('yy') TRightPar(')') TDotPar('.(') TIdentifierLiteral('xx') TElementOf(':') TIdentifierLiteral('setX') TConjunction('&') TIdentifierLiteral('yy') TElementOf(':') TIdentifierLiteral('setY') TConjunction('&') TIdentifierLiteral('xx') TMaplet('|->') TIdentifierLiteral('yy') TElementOf(':') TIdentifierLiteral('ff') TImplies('=>') TIdentifierLiteral('yy') TElementOf(':') TRan('ran') TLeftPar('(') TIdentifierLiteral('gg') TRightPar(')') TRightPar(')') TImplies('=>') TLeftPar('(') TDom('dom') TLeftPar('(') TLeftPar('(') TIdentifierLiteral('ff') TSemicolon(';') TLeftPar('(') TIdentifierLiteral('gg') TTilde('~') TRightPar(')') TRightPar(')') TRightPar(')') TEqual('=') TDom('dom') TLeftPar('(') TIdentifierLiteral('ff') TRightPar(')') TRightPar(')') TRightPar(')') TSemicolon(';') TDefLiteralPredicate('law8') TDoubleEqual('==') TLeftPar('(') TIdentifierLiteral('ff') TElementOf(':') TIdentifierLiteral('setX') TTotalFunction('-->') TIdentifierLiteral('setY') TEquivalence('<=>') TLeftPar('(') TIdentifierLiteral('ff') TElementOf(':') TIdentifierLiteral('setX') TPartialFunction('+->') TIdentifierLiteral('setY') TConjunction('&') TDom('dom') TLeftPar('(') TIdentifierLiteral('ff') TRightPar(')') TEqual('=') TIdentifierLiteral('setX') TRightPar(')') TRightPar(')') TSemicolon(';') TDefLiteralPredicate('ff_is_pf') TDoubleEqual('==') TLeftPar('(') TForAny('!') TLeftPar('(') TIdentifierLiteral('xx') TComma(',') TIdentifierLiteral('yy') TComma(',') TIdentifierLiteral('zz') TRightPar(')') TDotPar('.(') TLeftPar('(') TIdentifierLiteral('xx') TElementOf(':') TIdentifierLiteral('setX') TConjunction('&') TIdentifierLiteral('yy') TElementOf(':') TIdentifierLiteral('setY') TConjunction('&') TIdentifierLiteral('zz') TElementOf(':') TIdentifierLiteral('setY') TConjunction('&') TIdentifierLiteral('xx') TMaplet('|->') TIdentifierLiteral('yy') TElementOf(':') TIdentifierLiteral('ff') TConjunction('&') TIdentifierLiteral('xx') TMaplet('|->') TIdentifierLiteral('zz') TElementOf(':') TIdentifierLiteral('ff') TRightPar(')') TImplies('=>') TLeftPar('(') TIdentifierLiteral('yy') TEqual('=') TIdentifierLiteral('zz') TRightPar(')') TRightPar(')') TRightPar(')') TSemicolon(';') TDefLiteralPredicate('law9') TDoubleEqual('==') TLeftPar('(') TIdentifierLiteral('ff') TElementOf(':') TIdentifierLiteral('setX') TPartialFunction('+->') TIdentifierLiteral('setY') TEquivalence('<=>') TDefLiteralPredicate('ff_is_pf') TRightPar(')') TSemicolon(';') TDefLiteralPredicate('law10') TDoubleEqual('==') TLeftPar('(') TIdentifierLiteral('ff') TElementOf(':') TIdentifierLiteral('setX') TTotalBijection('>->>') TIdentifierLiteral('setY') TEquivalence('<=>') TLeftPar('(') TIdentifierLiteral('ff') TElementOf(':') TIdentifierLiteral('setX') TTotalInjection('>->') TIdentifierLiteral('setY') TConjunction('&') TIdentifierLiteral('ff') TTilde('~') TElementOf(':') TIdentifierLiteral('setY') TTotalInjection('>->') TIdentifierLiteral('setX') TRightPar(')') TRightPar(')') TSemicolon(';') TDefLiteralPredicate('law11') TDoubleEqual('==') TLeftPar('(') TIdentifierLiteral('ff') TElementOf(':') TIdentifierLiteral('setX') TPartialInjection('>+>') TIdentifierLiteral('setY') TEquivalence('<=>') TLeftPar('(') TIdentifierLiteral('ff') TElementOf(':') TIdentifierLiteral('setX') TPartialFunction('+->') TIdentifierLiteral('setY') TConjunction('&') TForAny('!') TLeftPar('(') TIdentifierLiteral('xx') TComma(',') TIdentifierLiteral('yy') TRightPar(')') TDotPar('.(') TIdentifierLiteral('xx') TElementOf(':') TIdentifierLiteral('setX') TConjunction('&') TIdentifierLiteral('yy') TElementOf(':') TIdentifierLiteral('setX') TConjunction('&') TIdentifierLiteral('xx') TNotEqual('/=') TIdentifierLiteral('yy') TConjunction('&') TIdentifierLiteral('xx') TElementOf(':') TDom('dom') TLeftPar('(') TIdentifierLiteral('ff') TRightPar(')') TConjunction('&') TIdentifierLiteral('yy') TElementOf(':') TDom('dom') TLeftPar('(') TIdentifierLiteral('ff') TRightPar(')') TImplies('=>') TIdentifierLiteral('ff') TLeftPar('(') TIdentifierLiteral('xx') TRightPar(')') TNotEqual('/=') TIdentifierLiteral('ff') TLeftPar('(') TIdentifierLiteral('yy') TRightPar(')') TRightPar(')') TRightPar(')') TRightPar(')') TSemicolon(';') TDefLiteralPredicate('law12') TDoubleEqual('==') TLeftPar('(') TIdentifierLiteral('ff') TElementOf(':') TIdentifierLiteral('setX') TPartialSurjection('+->>') TIdentifierLiteral('setY') TEquivalence('<=>') TLeftPar('(') TIdentifierLiteral('ff') TElementOf(':') TIdentifierLiteral('setX') TPartialFunction('+->') TIdentifierLiteral('setY') TConjunction('&') TForAny('!') TIdentifierLiteral('yy') TDotPar('.(') TIdentifierLiteral('yy') TElementOf(':') TIdentifierLiteral('setY') TImplies('=>') TIdentifierLiteral('yy') TElementOf(':') TRan('ran') TLeftPar('(') TIdentifierLiteral('ff') TRightPar(')') TRightPar(')') TRightPar(')') TRightPar(')') TKwDefinitions('#DEFINITIONS') TSomething(' ') TDefinitions('DEFINITIONS') TIdentifierLiteral('CONSTR3') TBeginDefBody('==') TRhsBody('(!(f,p).(f:FLIGHTS & f<NRF-1 & p:PERSONNEL &  f|->p:assign & (f+1)|->p:assign => (f+2)|->p /: assign))') TKwPredicate('#PREDICATE') TLeftPar('(') TForAny('!') TLeftPar('(') TIdentifierLiteral('f') TComma(',') TIdentifierLiteral('p') TRightPar(')') TDotPar('.(') TIdentifierLiteral('f') TElementOf(':') TIdentifierLiteral('FLIGHTS') TConjunction('&') TIdentifierLiteral('f') TLess('<') TIdentifierLiteral('NRF') TMinus('-') TIntegerLiteral('1') TConjunction('&') TIdentifierLiteral('p') TElementOf(':') TIdentifierLiteral('PERSONNEL') TConjunction('&') TIdentifierLiteral('f') TMaplet('|->') TIdentifierLiteral('p') TElementOf(':') TIdentifierLiteral('assign') TConjunction('&') TLeftPar('(') TIdentifierLiteral('f') TPlus('+') TIntegerLiteral('1') TRightPar(')') TMaplet('|->') TIdentifierLiteral('p') TElementOf(':') TIdentifierLiteral('assign') TImplies('=>') TLeftPar('(') TIdentifierLiteral('f') TPlus('+') TIntegerLiteral('2') TRightPar(')') TMaplet('|->') TIdentifierLiteral('p') TNotBelonging('/:') TIdentifierLiteral('assign') TRightPar(')') TRightPar(')') 
TKwDefinitions('#DEFINITIONS') TDefinitions('DEFINITIONS') TDefLiteralPredicate('CONSTR3') TDoubleEqual('==') TLeftPar('(') TForAny('!') TLeftPar('(') TIdentifierLiteral('f') TComma(',') TIdentifierLiteral('p') TRightPar(')') TDotPar('.(') TIdentifierLiteral('f') TElementOf(':') TIdentifierLiteral('FLIGHTS') TConjunction('&') TIdentifierLiteral('f') TLess('<') TIdentifierLiteral('NRF') TMinus('-') TIntegerLiteral('1') TConjunction('&') TIdentifierLiteral('p') TElementOf(':') TIdentifierLiteral('PERSONNEL') TConjunction('&') TIdentifierLiteral('f') TMaplet('|->') TIdentifierLiteral('p') TElementOf(':') TIdentifierLiteral('assign') TConjunction('&') TLeftPar('(') TIdentifierLiteral('f') TPlus('+') TIntegerLiteral('1') TRightPar(')') TMaplet('|->') TIdentifierLiteral('p') TElementOf(':') TIdentifierLiteral('assign') TImplies('=>') TLeftPar('(') TIdentifierLiteral('f') TPlus('+') TIntegerLiteral('2') TRightPar(')') TMaplet('|->') TIdentifierLiteral('p') TNotBelonging('/:') TIdentifierLiteral('assign') TRightPar(')') TRightPar(')') TKwDefinitions('#DEFINITIONS') TSomething(' ') TDefinitions('DEFINITIONS') TIdentifierLiteral('FT_TYPE') TBeginDefBody('==') TRhsBody('(from:NODES & to:NODES & from/=to)') TSemicolon(';') TIdentifierLiteral('FTE_TYPE') TBeginDefBody('==') TRhsBody('(FT_TYPE & packet:PACKETS & type:TYPE)') TKwPredicate('#PREDICATE') TLeftPar('(') TIdentifierLiteral('from') TElementOf(':') TIdentifierLiteral('NODES') TConjunction('&') TIdentifierLiteral('to') TElementOf(':') TIdentifierLiteral('NODES') TConjunction('&') TIdentifierLiteral('from') TNotEqual('/=') TIdentifierLiteral('to') TRightPar(')') TKwPredicate('#PREDICATE') TLeftPar('(') TDefLiteralPredicate('FT_TYPE') TConjunction('&') TIdentifierLiteral('packet') TElementOf(':') TIdentifierLiteral('PACKETS') TConjunction('&') TIdentifierLiteral('type') TElementOf(':') TIdentifierLiteral('TYPE') TRightPar(')') 
TKwDefinitions('#DEFINITIONS') TDefinitions('DEFINITIONS') TDefLiteralPredicate('FT_TYPE') TDoubleEqual('==') TLeftPar('(') TIdentifierLiteral('from') TElementOf(':') TIdentifierLiteral('NODES') TConjunction('&') TIdentifierLiteral('to') TElementOf(':') TIdentifierLiteral('NODES') TConjunction('&') TIdentifierLiteral('from') TNotEqual('/=') TIdentifierLiteral('to') TRightPar(')') TSemicolon(';') TDefLiteralPredicate('FTE_TYPE') TDoubleEqual('==') TLeftPar('(') TDefLiteralPredicate('FT_TYPE') TConjunction('&') TIdentifierLiteral('packet') TElementOf(':') TIdentifierLiteral('PACKETS') TConjunction('&') TIdentifierLiteral('type') TElementOf(':') TIdentifierLiteral('TYPE') TRightPar(')') TKwDefinitions('#DEFINITIONS') TSomething(' ') TDefinitions('DEFINITIONS') TIdentifierLiteral('FaileSafeIsOn') TBeginDefBody('==') TRhsBody('(sw>0)') TSemicolon(';') TIdentifierLiteral('TurnFailSafeOff') TBeginDefBody('==') TRhsBody('BEGIN sw := 0 END') TSemicolon(';') TIdentifierLiteral('TurnFailSafeOn') TBeginDefBody('==') TRhsBody('BEGIN sw := (sw + 1) mod 256
END') TKwPredicate('#PREDICATE') TLeftPar('(') TIdentifierLiteral('sw') TGreater('>') TIntegerLiteral('0') TRightPar(')') TKwPredicate('#PREDICATE') TBegin('BEGIN') TKwExpression('#EXPRESSION') TBegin('BEGIN') TKwSubstitution('#SUBSTITUTION') TBegin('BEGIN') TIdentifierLiteral('sw') TAssign(':=') TIntegerLiteral('0') TEnd('END') TKwPredicate('#PREDICATE') TBegin('BEGIN') TKwExpression('#EXPRESSION') TBegin('BEGIN') TKwSubstitution('#SUBSTITUTION') TBegin('BEGIN') TIdentifierLiteral('sw') TAssign(':=') TLeftPar('(') TIdentifierLiteral('sw') TPlus('+') TIntegerLiteral('1') TRightPar(')') TMod('mod') TIntegerLiteral('256') TEnd('END') 
TKwDefinitions('#DEFINITIONS') TDefinitions('DEFINITIONS') TDefLiteralPredicate('FaileSafeIsOn') TDoubleEqual('==') TLeftPar('(') TIdentifierLiteral('sw') TGreater('>') TIntegerLiteral('0') TRightPar(')') TSemicolon(';') TDefLiteralSubstitution('TurnFailSafeOff') TDoubleEqual('==') TBegin('BEGIN') TIdentifierLiteral('sw') TAssign(':=') TIntegerLiteral('0') TEnd('END') TSemicolon(';') TDefLiteralSubstitution('TurnFailSafeOn') TDoubleEqual('==') TBegin('BEGIN') TIdentifierLiteral('sw') TAssign(':=') TLeftPar('(') TIdentifierLiteral('sw') TPlus('+') TIntegerLiteral('1') TRightPar(')') TMod('mod') TIntegerLiteral('256') TEnd('END') TKwDefinitions('#DEFINITIONS') TSomething(' ') TDefinitions('DEFINITIONS') TIdentifierLiteral('law1') TBeginDefBody('==') TRhsBody('(SS \/ SS = SS  &  SS = SS \/ {}  &  SS = SS /\ SS  &  SS = SS \ {})') TKwPredicate('#PREDICATE') TLeftPar('(') TIdentifierLiteral('SS') TUnion('\/') TIdentifierLiteral('SS') TEqual('=') TIdentifierLiteral('SS') TConjunction('&') TIdentifierLiteral('SS') TEqual('=') TIdentifierLiteral('SS') TUnion('\/') TEmptySet('{}') TConjunction('&') TIdentifierLiteral('SS') TEqual('=') TIdentifierLiteral('SS') TIntersection('/\') TIdentifierLiteral('SS') TConjunction('&') TIdentifierLiteral('SS') TEqual('=') TIdentifierLiteral('SS') TSetSubtraction('\') TEmptySet('{}') TRightPar(')') 
TKwDefinitions('#DEFINITIONS') TDefinitions('DEFINITIONS') TDefLiteralPredicate('law1') TDoubleEqual('==') TLeftPar('(') TIdentifierLiteral('SS') TUnion('\/') TIdentifierLiteral('SS') TEqual('=') TIdentifierLiteral('SS') TConjunction('&') TIdentifierLiteral('SS') TEqual('=') TIdentifierLiteral('SS') TUnion('\/') TEmptySet('{}') TConjunction('&') TIdentifierLiteral('SS') TEqual('=') TIdentifierLiteral('SS') TIntersection('/\') TIdentifierLiteral('SS') TConjunction('&') TIdentifierLiteral('SS') TEqual('=') TIdentifierLiteral('SS') TSetSubtraction('\') TEmptySet('{}') TRightPar(')') TOtherClauseBegin('MACHINE') TSomething(' ') TSomething('T') TSomething('e') TSomething('s') TSomething('t') TSomething('
') TDefinitions('DEFINITIONS') TIdentifierLiteral('pt') TBeginDefBody('==') TRhsBody('PP=TRUE') TSemicolon(';') TIdentifierLiteral('qt') TBeginDefBody('==') TRhsBody('QQ=TRUE') TEndMachine('END') TSomething('
') TKwPredicate('#PREDICATE') TIdentifierLiteral('PP') TEqual('=') TTrue('TRUE') TKwPredicate('#PREDICATE') TIdentifierLiteral('QQ') TEqual('=') TTrue('TRUE') 
TMachine('MACHINE') TIdentifierLiteral('Test') TDefinitions('DEFINITIONS') TDefLiteralPredicate('pt') TDoubleEqual('==') TIdentifierLiteral('PP') TEqual('=') TTrue('TRUE') TSemicolon(';') TDefLiteralPredicate('qt') TDoubleEqual('==') TIdentifierLiteral('QQ') TEqual('=') TTrue('TRUE') TEnd('END') TOtherClauseBegin('MACHINE') TSomething(' ') TSomething('T') TSomething('e') TSomething('s') TSomething('t') TSomething('
') TDefinitions('DEFINITIONS') TIdentifierLiteral('pt') TBeginDefBody('==') TRhsBody('PP=TRUE') TSemicolon(';') TIdentifierLiteral('qt') TBeginDefBody('==') TRhsBody('QQ=TRUE') TSemicolon(';') TEndMachine('END') TSomething('
') TKwPredicate('#PREDICATE') TIdentifierLiteral('PP') TEqual('=') TTrue('TRUE') TKwPredicate('#PREDICATE') TIdentifierLiteral('QQ') TEqual('=') TTrue('TRUE') 
TMachine('MACHINE') TIdentifierLiteral('Test') TDefinitions('DEFINITIONS') TDefLiteralPredicate('pt') TDoubleEqual('==') TIdentifierLiteral('PP') TEqual('=') TTrue('TRUE') TSemicolon(';') TDefLiteralPredicate('qt') TDoubleEqual('==') TIdentifierLiteral('QQ') TEqual('=') TTrue('TRUE') TSemicolon(';') TEnd('END') TOtherClauseBegin('MACHINE') TSomething(' ') TSomething('T') TSomething('e') TSomething('s') TSomething('t') TSomething('
') TDefinitions('DEFINITIONS') TIdentifierLiteral('defSubst') TBeginDefBody('==') TRhsBody('g(x)') TOtherClauseBegin('OPERATIONS') TSomething('
') TSomething('o') TSomething('p') TSomething('=') TSomething('d') TSomething('e') TSomething('f') TSomething('S') TSomething('u') TSomething('b') TSomething('s') TSomething('t') TSomething('
') TEndMachine('END') TKwPredicate('#PREDICATE') TIdentifierLiteral('g') TLeftPar('(') TIdentifierLiteral('x') TRightPar(')') TKwExpression('#EXPRESSION') TIdentifierLiteral('g') TLeftPar('(') TIdentifierLiteral('x') TRightPar(')') TKwSubstitution('#SUBSTITUTION') TIdentifierLiteral('g') TLeftPar('(') TIdentifierLiteral('x') TRightPar(')') 
TMachine('MACHINE') TIdentifierLiteral('Test') TDefinitions('DEFINITIONS') TIdentifierLiteral('defSubst') TDoubleEqual('==') TIdentifierLiteral('g') TLeftPar('(') TIdentifierLiteral('x') TRightPar(')') TOperations('OPERATIONS') TIdentifierLiteral('op') TEqual('=') TIdentifierLiteral('defSubst') TEnd('END') TOtherClauseBegin('MACHINE') TSomething(' ') TSomething('T') TSomething('e') TSomething('s') TSomething('t') TSomething('
') TDefinitions('DEFINITIONS') TIdentifierLiteral('defSubst') TBeginDefBody('==') TRhsBody('g(x)') TOtherClauseBegin('OPERATIONS') TSomething('
') TSomething('o') TSomething('p') TSomething('=') TSomething(' ') TSomething('a') TSomething(':') TSomething('=') TSomething('d') TSomething('e') TSomething('f') TSomething('S') TSomething('u') TSomething('b') TSomething('s') TSomething('t') TSomething('
') TEndMachine('END') TKwPredicate('#PREDICATE') TIdentifierLiteral('g') TLeftPar('(') TIdentifierLiteral('x') TRightPar(')') TKwExpression('#EXPRESSION') TIdentifierLiteral('g') TLeftPar('(') TIdentifierLiteral('x') TRightPar(')') TKwSubstitution('#SUBSTITUTION') TIdentifierLiteral('g') TLeftPar('(') TIdentifierLiteral('x') TRightPar(')') 
TMachine('MACHINE') TIdentifierLiteral('Test') TDefinitions('DEFINITIONS') TIdentifierLiteral('defSubst') TDoubleEqual('==') TIdentifierLiteral('g') TLeftPar('(') TIdentifierLiteral('x') TRightPar(')') TOperations('OPERATIONS') TIdentifierLiteral('op') TEqual('=') TIdentifierLiteral('a') TAssign(':=') TIdentifierLiteral('defSubst') TEnd('END') TOtherClauseBegin('MACHINE') TSomething(' ') TSomething('T') TSomething('e') TSomething('s') TSomething('t') TSomething('
') TDefinitions('DEFINITIONS') TIdentifierLiteral('defExpr') TBeginDefBody('==') TRhsBody('g(x)') TOtherClauseBegin('OPERATIONS') TSomething('
') TSomething('o') TSomething('p') TSomething('=') TSomething('P') TSomething('R') TSomething('E') TSomething(' ') TSomething('d') TSomething('e') TSomething('f') TSomething('E') TSomething('x') TSomething('p') TSomething('r') TSomething('=') TSomething('4') TSomething('2') TSomething(' ') TSomething('T') TSomething('H') TSomething('E') TSomething('N') TSomething(' ') TSomething('d') TSomething('e') TSomething('f') TSomething('E') TSomething('x') TSomething('p') TSomething('r') TSomething(' ') TEndMachine('END') TSomething('
') TEndMachine('END') TKwPredicate('#PREDICATE') TIdentifierLiteral('g') TLeftPar('(') TIdentifierLiteral('x') TRightPar(')') TKwExpression('#EXPRESSION') TIdentifierLiteral('g') TLeftPar('(') TIdentifierLiteral('x') TRightPar(')') TKwSubstitution('#SUBSTITUTION') TIdentifierLiteral('g') TLeftPar('(') TIdentifierLiteral('x') TRightPar(')') 
TMachine('MACHINE') TIdentifierLiteral('Test') TDefinitions('DEFINITIONS') TIdentifierLiteral('defExpr') TDoubleEqual('==') TIdentifierLiteral('g') TLeftPar('(') TIdentifierLiteral('x') TRightPar(')') TOperations('OPERATIONS') TIdentifierLiteral('op') TEqual('=') TPre('PRE') TIdentifierLiteral('defExpr') TEqual('=') TIntegerLiteral('42') TThen('THEN') TIdentifierLiteral('defExpr') TEnd('END') TEnd('END') TOtherClauseBegin('MACHINE') TSomething(' ') TSomething('T') TSomething('e') TSomething('s') TSomething('t') TSomething('
') TDefinitions('DEFINITIONS') TIdentifierLiteral('defExpr') TBeginDefBody('==') TRhsBody('g(x)') TOtherClauseBegin('OPERATIONS') TSomething('
') TSomething('o') TSomething('p') TSomething('=') TSomething('B') TSomething('E') TSomething('G') TSomething('I') TSomething('N') TSomething(' ') TSomething('d') TSomething('e') TSomething('f') TSomething('E') TSomething('x') TSomething('p') TSomething('r') TSomething(';') TSomething(' ') TSomething('a') TSomething(':') TSomething('=') TSomething('d') TSomething('e') TSomething('f') TSomething('E') TSomething('x') TSomething('p') TSomething('r') TSomething(' ') TEndMachine('END') TSomething('
') TEndMachine('END') TKwPredicate('#PREDICATE') TIdentifierLiteral('g') TLeftPar('(') TIdentifierLiteral('x') TRightPar(')') TKwExpression('#EXPRESSION') TIdentifierLiteral('g') TLeftPar('(') TIdentifierLiteral('x') TRightPar(')') TKwSubstitution('#SUBSTITUTION') TIdentifierLiteral('g') TLeftPar('(') TIdentifierLiteral('x') TRightPar(')') 
TMachine('MACHINE') TIdentifierLiteral('Test') TDefinitions('DEFINITIONS') TIdentifierLiteral('defExpr') TDoubleEqual('==') TIdentifierLiteral('g') TLeftPar('(') TIdentifierLiteral('x') TRightPar(')') TOperations('OPERATIONS') TIdentifierLiteral('op') TEqual('=') TBegin('BEGIN') TIdentifierLiteral('defExpr') TSemicolon(';') TIdentifierLiteral('a') TAssign(':=') TIdentifierLiteral('defExpr') TEnd('END') TEnd('END') TOtherClauseBegin('MACHINE') TSomething(' ') TSomething('T') TSomething('e') TSomething('s') TSomething('t') TSomething('
') TDefinitions('DEFINITIONS') TIdentifierLiteral('defSubst') TLeftPar('(') TIdentifierLiteral('x') TRightPar(')') TBeginDefBody('==') TRhsBody('g(x)') TOtherClauseBegin('OPERATIONS') TSomething('
') TSomething('o') TSomething('p') TSomething('=') TSomething('d') TSomething('e') TSomething('f') TSomething('S') TSomething('u') TSomething('b') TSomething('s') TSomething('t') TSomething('(') TSomething('x') TSomething(')') TSomething('
') TEndMachine('END') TKwPredicate('#PREDICATE') TIdentifierLiteral('g') TLeftPar('(') TIdentifierLiteral('x') TRightPar(')') TKwExpression('#EXPRESSION') TIdentifierLiteral('g') TLeftPar('(') TIdentifierLiteral('x') TRightPar(')') TKwSubstitution('#SUBSTITUTION') TIdentifierLiteral('g') TLeftPar('(') TIdentifierLiteral('x') TRightPar(')') 
TMachine('MACHINE') TIdentifierLiteral('Test') TDefinitions('DEFINITIONS') TIdentifierLiteral('defSubst') TLeftPar('(') TIdentifierLiteral('x') TRightPar(')') TDoubleEqual('==') TIdentifierLiteral('g') TLeftPar('(') TIdentifierLiteral('x') TRightPar(')') TOperations('OPERATIONS') TIdentifierLiteral('op') TEqual('=') TIdentifierLiteral('defSubst') TLeftPar('(') TIdentifierLiteral('x') TRightPar(')') TEnd('END') TOtherClauseBegin('MACHINE') TSomething(' ') TSomething('T') TSomething('e') TSomething('s') TSomething('t') TSomething('
') TDefinitions('DEFINITIONS') TIdentifierLiteral('defSubst') TLeftPar('(') TIdentifierLiteral('x') TRightPar(')') TBeginDefBody('==') TRhsBody('g(x)') TOtherClauseBegin('OPERATIONS') TSomething('
') TSomething('o') TSomething('p') TSomething('=') TSomething(' ') TSomething('a') TSomething(':') TSomething('=') TSomething('d') TSomething('e') TSomething('f') TSomething('S') TSomething('u') TSomething('b') TSomething('s') TSomething('t') TSomething('(') TSomething('x') TSomething(')') TSomething('
') TEndMachine('END') TKwPredicate('#PREDICATE') TIdentifierLiteral('g') TLeftPar('(') TIdentifierLiteral('x') TRightPar(')') TKwExpression('#EXPRESSION') TIdentifierLiteral('g') TLeftPar('(') TIdentifierLiteral('x') TRightPar(')') TKwSubstitution('#SUBSTITUTION') TIdentifierLiteral('g') TLeftPar('(') TIdentifierLiteral('x') TRightPar(')') 
TMachine('MACHINE') TIdentifierLiteral('Test') TDefinitions('DEFINITIONS') TIdentifierLiteral('defSubst') TLeftPar('(') TIdentifierLiteral('x') TRightPar(')') TDoubleEqual('==') TIdentifierLiteral('g') TLeftPar('(') TIdentifierLiteral('x') TRightPar(')') TOperations('OPERATIONS') TIdentifierLiteral('op') TEqual('=') TIdentifierLiteral('a') TAssign(':=') TIdentifierLiteral('defSubst') TLeftPar('(') TIdentifierLiteral('x') TRightPar(')') TEnd('END') TOtherClauseBegin('MACHINE') TSomething(' ') TSomething('T') TSomething('e') TSomething('s') TSomething('t') TSomething('
') TDefinitions('DEFINITIONS') TIdentifierLiteral('defExpr') TLeftPar('(') TIdentifierLiteral('x') TRightPar(')') TBeginDefBody('==') TRhsBody('g(x)') TOtherClauseBegin('OPERATIONS') TSomething('
') TSomething('o') TSomething('p') TSomething('=') TSomething('P') TSomething('R') TSomething('E') TSomething(' ') TSomething('d') TSomething('e') TSomething('f') TSomething('E') TSomething('x') TSomething('p') TSomething('r') TSomething('(') TSomething('x') TSomething(')') TSomething('=') TSomething('4') TSomething('2') TSomething(' ') TSomething('T') TSomething('H') TSomething('E') TSomething('N') TSomething(' ') TSomething('d') TSomething('e') TSomething('f') TSomething('E') TSomething('x') TSomething('p') TSomething('r') TSomething('(') TSomething('x') TSomething(')') TSomething(' ') TEndMachine('END') TSomething('
') TEndMachine('END') TKwPredicate('#PREDICATE') TIdentifierLiteral('g') TLeftPar('(') TIdentifierLiteral('x') TRightPar(')') TKwExpression('#EXPRESSION') TIdentifierLiteral('g') TLeftPar('(') TIdentifierLiteral('x') TRightPar(')') TKwSubstitution('#SUBSTITUTION') TIdentifierLiteral('g') TLeftPar('(') TIdentifierLiteral('x') TRightPar(')') 
TMachine('MACHINE') TIdentifierLiteral('Test') TDefinitions('DEFINITIONS') TIdentifierLiteral('defExpr') TLeftPar('(') TIdentifierLiteral('x') TRightPar(')') TDoubleEqual('==') TIdentifierLiteral('g') TLeftPar('(') TIdentifierLiteral('x') TRightPar(')') TOperations('OPERATIONS') TIdentifierLiteral('op') TEqual('=') TPre('PRE') TIdentifierLiteral('defExpr') TLeftPar('(') TIdentifierLiteral('x') TRightPar(')') TEqual('=') TIntegerLiteral('42') TThen('THEN') TIdentifierLiteral('defExpr') TLeftPar('(') TIdentifierLiteral('x') TRightPar(')') TEnd('END') TEnd('END') TOtherClauseBegin('MACHINE') TSomething(' ') TSomething('T') TSomething('e') TSomething('s') TSomething('t') TSomething('
') TDefinitions('DEFINITIONS') TIdentifierLiteral('defExpr') TLeftPar('(') TIdentifierLiteral('x') TRightPar(')') TBeginDefBody('==') TRhsBody('g(x)') TOtherClauseBegin('OPERATIONS') TSomething('
') TSomething('o') TSomething('p') TSomething('=') TSomething('B') TSomething('E') TSomething('G') TSomething('I') TSomething('N') TSomething(' ') TSomething('d') TSomething('e') TSomething('f') TSomething('E') TSomething('x') TSomething('p') TSomething('r') TSomething('(') TSomething('x') TSomething(')') TSomething(';') TSomething(' ') TSomething('a') TSomething(':') TSomething('=') TSomething('d') TSomething('e') TSomething('f') TSomething('E') TSomething('x') TSomething('p') TSomething('r') TSomething('(') TSomething('x') TSomething(')') TSomething(' ') TEndMachine('END') TSomething('
') TEndMachine('END') TKwPredicate('#PREDICATE') TIdentifierLiteral('g') TLeftPar('(') TIdentifierLiteral('x') TRightPar(')') TKwExpression('#EXPRESSION') TIdentifierLiteral('g') TLeftPar('(') TIdentifierLiteral('x') TRightPar(')') TKwSubstitution('#SUBSTITUTION') TIdentifierLiteral('g') TLeftPar('(') TIdentifierLiteral('x') TRightPar(')') 
TMachine('MACHINE') TIdentifierLiteral('Test') TDefinitions('DEFINITIONS') TIdentifierLiteral('defExpr') TLeftPar('(') TIdentifierLiteral('x') TRightPar(')') TDoubleEqual('==') TIdentifierLiteral('g') TLeftPar('(') TIdentifierLiteral('x') TRightPar(')') TOperations('OPERATIONS') TIdentifierLiteral('op') TEqual('=') TBegin('BEGIN') TIdentifierLiteral('defExpr') TLeftPar('(') TIdentifierLiteral('x') TRightPar(')') TSemicolon(';') TIdentifierLiteral('a') TAssign(':=') TIdentifierLiteral('defExpr') TLeftPar('(') TIdentifierLiteral('x') TRightPar(')') TEnd('END') TEnd('END') TOtherClauseBegin('MACHINE') TSomething(' ') TSomething('T') TSomething('e') TSomething('s') TSomething('t') TSomething('
') TDefinitions('DEFINITIONS') TIdentifierLiteral('defExpr') TLeftPar('(') TIdentifierLiteral('x') TRightPar(')') TBeginDefBody('==') TRhsBody('g(x)') TOtherClauseBegin('OPERATIONS') TSomething('
') TSomething('o') TSomething('p') TSomething('=') TSomething('B') TSomething('E') TSomething('G') TSomething('I') TSomething('N') TSomething(' ') TSomething('d') TSomething('e') TSomething('f') TSomething('E') TSomething('x') TSomething('p') TSomething('r') TSomething('(') TSomething('x') TSomething(')') TSomething(';') TSomething(' ') TSomething('d') TSomething('e') TSomething('f') TSomething('E') TSomething('x') TSomething('p') TSomething('r') TSomething(' ') TEndMachine('END') TSomething('
') TEndMachine('END') TKwPredicate('#PREDICATE') TIdentifierLiteral('g') TLeftPar('(') TIdentifierLiteral('x') TRightPar(')') TKwExpression('#EXPRESSION') TIdentifierLiteral('g') TLeftPar('(') TIdentifierLiteral('x') TRightPar(')') TKwSubstitution('#SUBSTITUTION') TIdentifierLiteral('g') TLeftPar('(') TIdentifierLiteral('x') TRightPar(')') 
TMachine('MACHINE') TIdentifierLiteral('Test') TDefinitions('DEFINITIONS') TIdentifierLiteral('defExpr') TLeftPar('(') TIdentifierLiteral('x') TRightPar(')') TDoubleEqual('==') TIdentifierLiteral('g') TLeftPar('(') TIdentifierLiteral('x') TRightPar(')') TOperations('OPERATIONS') TIdentifierLiteral('op') TEqual('=') TBegin('BEGIN') TIdentifierLiteral('defExpr') TLeftPar('(') TIdentifierLiteral('x') TRightPar(')') TSemicolon(';') TIdentifierLiteral('defExpr') TEnd('END') TEnd('END') ]]></system-out>
  <system-err><![CDATA[]]></system-err>
</testsuite>
