<?xml version="1.0" encoding="UTF-8"?>
<testsuite errors="0" failures="0" hostname="stupsi" name="de.be4.classicalb.core.parser.aspects.PositionAspectTest" tests="4" time="0.028" timestamp="2011-07-18T09:45:10">
  <properties />
  <testcase classname="de.be4.classicalb.core.parser.aspects.PositionAspectTest" name="testNodeSubclassOfPositionedNode" time="0.002" />
  <testcase classname="de.be4.classicalb.core.parser.aspects.PositionAspectTest" name="testHasGetMethods" time="0.012" />
  <testcase classname="de.be4.classicalb.core.parser.aspects.PositionAspectTest" name="testSimpleNode" time="0.002" />
  <testcase classname="de.be4.classicalb.core.parser.aspects.PositionAspectTest" name="testComposedNode" time="0.001" />
  <system-out><![CDATA[TKwPrefix('#EXPRESSION') TNoDefSomething(' 1+2') 
TKwExpression('#EXPRESSION') TIntegerLiteral('1') TPlus('+') TIntegerLiteral('2') TKwPrefix('#EXPRESSION') TNoDefSomething(' 1+2') 
TKwExpression('#EXPRESSION') TIntegerLiteral('1') TPlus('+') TIntegerLiteral('2') TKwPrefix('#EXPRESSION') TNoDefSomething(' x') 
TKwExpression('#EXPRESSION') TIdentifierLiteral('x') TKwPrefix('#EXPRESSION') TNoDefSomething(' x+1') 
TKwExpression('#EXPRESSION') TIdentifierLiteral('x') TPlus('+') TIntegerLiteral('1') ]]></system-out>
  <system-err><![CDATA[]]></system-err>
</testsuite>
