<?xml version="1.0" encoding="UTF-8"?>
<testsuite errors="0" failures="0" hostname="stupsi" name="de.be4.classicalb.core.parser.ParsableMachineTest" tests="377" time="26.044" timestamp="2011-07-18T09:44:32">
  <properties />
  <testcase classname="de.be4.classicalb.core.parser.ParsableMachineTest" name="PartialFunTest.mch: testParsable" time="0.119" />
  <testcase classname="de.be4.classicalb.core.parser.ParsableMachineTest" name="AllInjFunsTest.mch: testParsable" time="0.01" />
  <testcase classname="de.be4.classicalb.core.parser.ParsableMachineTest" name="Sample_simple.mch: testParsable" time="0.05" />
  <testcase classname="de.be4.classicalb.core.parser.ParsableMachineTest" name="SchleuseN2.mch: testParsable" time="0.152" />
  <testcase classname="de.be4.classicalb.core.parser.ParsableMachineTest" name="Bank3D.mch: testParsable" time="0.545" />
  <testcase classname="de.be4.classicalb.core.parser.ParsableMachineTest" name="CaseStmt.mch: testParsable" time="0.033" />
  <testcase classname="de.be4.classicalb.core.parser.ParsableMachineTest" name="uebung2_3.mch: testParsable" time="0.032" />
  <testcase classname="de.be4.classicalb.core.parser.ParsableMachineTest" name="Sets.mch: testParsable" time="0.093" />
  <testcase classname="de.be4.classicalb.core.parser.ParsableMachineTest" name="AbsIntPrecise.mch: testParsable" time="0.079" />
  <testcase classname="de.be4.classicalb.core.parser.ParsableMachineTest" name="NatRangeLaws.mch: testParsable" time="0.087" />
  <testcase classname="de.be4.classicalb.core.parser.ParsableMachineTest" name="DSP0_mjb.mch: testParsable" time="0.151" />
  <testcase classname="de.be4.classicalb.core.parser.ParsableMachineTest" name="RoutePlanning_Test.mch: testParsable" time="0.097" />
  <testcase classname="de.be4.classicalb.core.parser.ParsableMachineTest" name="Rubik2.mch: testParsable" time="0.2" />
  <testcase classname="de.be4.classicalb.core.parser.ParsableMachineTest" name="PrimeImp.imp: testParsable" time="0.023" />
  <testcase classname="de.be4.classicalb.core.parser.ParsableMachineTest" name="PartialSets.mch: testParsable" time="0.097" />
  <testcase classname="de.be4.classicalb.core.parser.ParsableMachineTest" name="Performance50.mch: testParsable" time="1.476" />
  <testcase classname="de.be4.classicalb.core.parser.ParsableMachineTest" name="Symetric2.mch: testParsable" time="0.027" />
  <testcase classname="de.be4.classicalb.core.parser.ParsableMachineTest" name="Railway0.mch: testParsable" time="0.204" />
  <testcase classname="de.be4.classicalb.core.parser.ParsableMachineTest" name="PerformanceTest50II.mch: testParsable" time="1.614" />
  <testcase classname="de.be4.classicalb.core.parser.ParsableMachineTest" name="CubeCalendarFun.mch: testParsable" time="0.031" />
  <testcase classname="de.be4.classicalb.core.parser.ParsableMachineTest" name="SetLawsPow.mch: testParsable" time="0.395" />
  <testcase classname="de.be4.classicalb.core.parser.ParsableMachineTest" name="SeqTest.mch: testParsable" time="0.013" />
  <testcase classname="de.be4.classicalb.core.parser.ParsableMachineTest" name="invert_test.mch: testParsable" time="0.049" />
  <testcase classname="de.be4.classicalb.core.parser.ParsableMachineTest" name="MinOfEmptySet.mch: testParsable" time="0.013" />
  <testcase classname="de.be4.classicalb.core.parser.ParsableMachineTest" name="CarlaTravelAgency2.mch: testParsable" time="0.246" />
  <testcase classname="de.be4.classicalb.core.parser.ParsableMachineTest" name="PRIZE.mch: testParsable" time="0.012" />
  <testcase classname="de.be4.classicalb.core.parser.ParsableMachineTest" name="Sample2_mod_simple.mch: testParsable" time="0.059" />
  <testcase classname="de.be4.classicalb.core.parser.ParsableMachineTest" name="JAG_Robot.mch: testParsable" time="0.008" />
  <testcase classname="de.be4.classicalb.core.parser.ParsableMachineTest" name="Ship.mch: testParsable" time="0.041" />
  <testcase classname="de.be4.classicalb.core.parser.ParsableMachineTest" name="RouteIsSet.mch: testParsable" time="0.009" />
  <testcase classname="de.be4.classicalb.core.parser.ParsableMachineTest" name="Weighted_Graph2.mch: testParsable" time="0.043" />
  <testcase classname="de.be4.classicalb.core.parser.ParsableMachineTest" name="TotalFunTest.mch: testParsable" time="0.025" />
  <testcase classname="de.be4.classicalb.core.parser.ParsableMachineTest" name="ROOM_CLASS.mch: testParsable" time="0.004" />
  <testcase classname="de.be4.classicalb.core.parser.ParsableMachineTest" name="SortByPermutation.mch: testParsable" time="0.046" />
  <testcase classname="de.be4.classicalb.core.parser.ParsableMachineTest" name="TRAVELAGENCY0.mch: testParsable" time="0.007" />
  <testcase classname="de.be4.classicalb.core.parser.ParsableMachineTest" name="M10.mch: testParsable" time="0.005" />
  <testcase classname="de.be4.classicalb.core.parser.ParsableMachineTest" name="SeqNaturalFoldr.mch: testParsable" time="0.034" />
  <testcase classname="de.be4.classicalb.core.parser.ParsableMachineTest" name="BirthdayPuzzle.mch: testParsable" time="0.058" />
  <testcase classname="de.be4.classicalb.core.parser.ParsableMachineTest" name="PartialFunTest3.mch: testParsable" time="0.056" />
  <testcase classname="de.be4.classicalb.core.parser.ParsableMachineTest" name="TotalFunction.mch: testParsable" time="0.009" />
  <testcase classname="de.be4.classicalb.core.parser.ParsableMachineTest" name="birthdaybook.zed.mch: testParsable" time="0.078" />
  <testcase classname="de.be4.classicalb.core.parser.ParsableMachineTest" name="RussianPostalPuzzle2.mch: testParsable" time="0.055" />
  <testcase classname="de.be4.classicalb.core.parser.ParsableMachineTest" name="bibliotheque.mch: testParsable" time="0.116" />
  <testcase classname="de.be4.classicalb.core.parser.ParsableMachineTest" name="PhilRing2.mch: testParsable" time="0.063" />
  <testcase classname="de.be4.classicalb.core.parser.ParsableMachineTest" name="TheracBug.mch: testParsable" time="0.029" />
  <testcase classname="de.be4.classicalb.core.parser.ParsableMachineTest" name="Parking.mch: testParsable" time="0.018" />
  <testcase classname="de.be4.classicalb.core.parser.ParsableMachineTest" name="Sets2.mch: testParsable" time="0.087" />
  <testcase classname="de.be4.classicalb.core.parser.ParsableMachineTest" name="StateSpaceSimple.mch: testParsable" time="0.005" />
  <testcase classname="de.be4.classicalb.core.parser.ParsableMachineTest" name="TotalFunction2.mch: testParsable" time="0.08" />
  <testcase classname="de.be4.classicalb.core.parser.ParsableMachineTest" name="SudokuMikeSmall.mch: testParsable" time="0.111" />
  <testcase classname="de.be4.classicalb.core.parser.ParsableMachineTest" name="Hanoi.mch: testParsable" time="0.038" />
  <testcase classname="de.be4.classicalb.core.parser.ParsableMachineTest" name="ComprehensionTest.mch: testParsable" time="0.018" />
  <testcase classname="de.be4.classicalb.core.parser.ParsableMachineTest" name="Lift.mch: testParsable" time="0.011" />
  <testcase classname="de.be4.classicalb.core.parser.ParsableMachineTest" name="RecTest3_Simple2.mch: testParsable" time="0.018" />
  <testcase classname="de.be4.classicalb.core.parser.ParsableMachineTest" name="CXCC2.mch: testParsable" time="0.017" />
  <testcase classname="de.be4.classicalb.core.parser.ParsableMachineTest" name="bibliotheque_i.imp: testParsable" time="0.071" />
  <testcase classname="de.be4.classicalb.core.parser.ParsableMachineTest" name="IterateTest.mch: testParsable" time="0.025" />
  <testcase classname="de.be4.classicalb.core.parser.ParsableMachineTest" name="BF_test.mch: testParsable" time="0.026" />
  <testcase classname="de.be4.classicalb.core.parser.ParsableMachineTest" name="SumSet.mch: testParsable" time="0.029" />
  <testcase classname="de.be4.classicalb.core.parser.ParsableMachineTest" name="SetLaws.mch: testParsable" time="0.194" />
  <testcase classname="de.be4.classicalb.core.parser.ParsableMachineTest" name="Lotto.mch: testParsable" time="0.009" />
  <testcase classname="de.be4.classicalb.core.parser.ParsableMachineTest" name="DSPSYS.mch: testParsable" time="0.056" />
  <testcase classname="de.be4.classicalb.core.parser.ParsableMachineTest" name="assertion_test.mch: testParsable" time="0.012" />
  <testcase classname="de.be4.classicalb.core.parser.ParsableMachineTest" name="AccessU3.mch: testParsable" time="0.057" />
  <testcase classname="de.be4.classicalb.core.parser.ParsableMachineTest" name="Ticket1.mch: testParsable" time="0.01" />
  <testcase classname="de.be4.classicalb.core.parser.ParsableMachineTest" name="GraphIso.mch: testParsable" time="0.047" />
  <testcase classname="de.be4.classicalb.core.parser.ParsableMachineTest" name="Characters.mch: testParsable" time="0.008" />
  <testcase classname="de.be4.classicalb.core.parser.ParsableMachineTest" name="ArcLabelGraph.mch: testParsable" time="0.035" />
  <testcase classname="de.be4.classicalb.core.parser.ParsableMachineTest" name="SimpleRussianPostalPuzzle.mch: testParsable" time="0.044" />
  <testcase classname="de.be4.classicalb.core.parser.ParsableMachineTest" name="PartialFunTest4.mch: testParsable" time="0.021" />
  <testcase classname="de.be4.classicalb.core.parser.ParsableMachineTest" name="FunLaws.mch: testParsable" time="0.186" />
  <testcase classname="de.be4.classicalb.core.parser.ParsableMachineTest" name="Parking_R2.mch: testParsable" time="0.034" />
  <testcase classname="de.be4.classicalb.core.parser.ParsableMachineTest" name="GraphRefinement.mch: testParsable" time="0.096" />
  <testcase classname="de.be4.classicalb.core.parser.ParsableMachineTest" name="TypeTest.mch: testParsable" time="0.037" />
  <testcase classname="de.be4.classicalb.core.parser.ParsableMachineTest" name="DetTest.mch: testParsable" time="0.042" />
  <testcase classname="de.be4.classicalb.core.parser.ParsableMachineTest" name="BirthdayBook1.mch: testParsable" time="0.039" />
  <testcase classname="de.be4.classicalb.core.parser.ParsableMachineTest" name="NatRangeParsingTest.mch: testParsable" time="0.007" />
  <testcase classname="de.be4.classicalb.core.parser.ParsableMachineTest" name="DFA1.mch: testParsable" time="0.032" />
  <testcase classname="de.be4.classicalb.core.parser.ParsableMachineTest" name="FunTest.mch: testParsable" time="0.009" />
  <testcase classname="de.be4.classicalb.core.parser.ParsableMachineTest" name="relation_test.mch: testParsable" time="0.011" />
  <testcase classname="de.be4.classicalb.core.parser.ParsableMachineTest" name="ProtocolSpec.mch: testParsable" time="0.049" />
  <testcase classname="de.be4.classicalb.core.parser.ParsableMachineTest" name="SeqMap_Comp.mch: testParsable" time="0.02" />
  <testcase classname="de.be4.classicalb.core.parser.ParsableMachineTest" name="Array.mch: testParsable" time="0.013" />
  <testcase classname="de.be4.classicalb.core.parser.ParsableMachineTest" name="ExtPromCounter.mch: testParsable" time="0.029" />
  <testcase classname="de.be4.classicalb.core.parser.ParsableMachineTest" name="PerfManyVarsCsts200.mch: testParsable" time="0.48" />
  <testcase classname="de.be4.classicalb.core.parser.ParsableMachineTest" name="Tokens.mch: testParsable" time="0.031" />
  <testcase classname="de.be4.classicalb.core.parser.ParsableMachineTest" name="Doors.mch: testParsable" time="0.015" />
  <testcase classname="de.be4.classicalb.core.parser.ParsableMachineTest" name="RecTest3.mch: testParsable" time="0.03" />
  <testcase classname="de.be4.classicalb.core.parser.ParsableMachineTest" name="bool_test.mch: testParsable" time="0.012" />
  <testcase classname="de.be4.classicalb.core.parser.ParsableMachineTest" name="Puzzle8.mch: testParsable" time="0.063" />
  <testcase classname="de.be4.classicalb.core.parser.ParsableMachineTest" name="ConcreteConstants.mch: testParsable" time="0.021" />
  <testcase classname="de.be4.classicalb.core.parser.ParsableMachineTest" name="Tokens_FM05.mch: testParsable" time="0.033" />
  <testcase classname="de.be4.classicalb.core.parser.ParsableMachineTest" name="GSM_revue.mch: testParsable" time="0.128" />
  <testcase classname="de.be4.classicalb.core.parser.ParsableMachineTest" name="SetLawsNat.mch: testParsable" time="0.227" />
  <testcase classname="de.be4.classicalb.core.parser.ParsableMachineTest" name="DetTestConstants.mch: testParsable" time="0.016" />
  <testcase classname="de.be4.classicalb.core.parser.ParsableMachineTest" name="ForAll.mch: testParsable" time="0.044" />
  <testcase classname="de.be4.classicalb.core.parser.ParsableMachineTest" name="RussianPostalPuzzle.mch: testParsable" time="0.036" />
  <testcase classname="de.be4.classicalb.core.parser.ParsableMachineTest" name="SET_Game_Rec.mch: testParsable" time="0.116" />
  <testcase classname="de.be4.classicalb.core.parser.ParsableMachineTest" name="RoutePlanning.mch: testParsable" time="0.142" />
  <testcase classname="de.be4.classicalb.core.parser.ParsableMachineTest" name="BoolLaws.mch: testParsable" time="0.03" />
  <testcase classname="de.be4.classicalb.core.parser.ParsableMachineTest" name="CubeCalendar.mch: testParsable" time="0.029" />
  <testcase classname="de.be4.classicalb.core.parser.ParsableMachineTest" name="Student_array.mch: testParsable" time="0.028" />
  <testcase classname="de.be4.classicalb.core.parser.ParsableMachineTest" name="TwoSets.mch: testParsable" time="0.034" />
  <testcase classname="de.be4.classicalb.core.parser.ParsableMachineTest" name="ExtCounter.mch: testParsable" time="0.015" />
  <testcase classname="de.be4.classicalb.core.parser.ParsableMachineTest" name="proof0.mch: testParsable" time="0.037" />
  <testcase classname="de.be4.classicalb.core.parser.ParsableMachineTest" name="FourCounters.mch: testParsable" time="0.008" />
  <testcase classname="de.be4.classicalb.core.parser.ParsableMachineTest" name="Pussee_inst.mch: testParsable" time="0.166" />
  <testcase classname="de.be4.classicalb.core.parser.ParsableMachineTest" name="UndefinedFunction.mch: testParsable" time="0.016" />
  <testcase classname="de.be4.classicalb.core.parser.ParsableMachineTest" name="RecTest3_Simple3.mch: testParsable" time="0.016" />
  <testcase classname="de.be4.classicalb.core.parser.ParsableMachineTest" name="Towns.mch: testParsable" time="0.017" />
  <testcase classname="de.be4.classicalb.core.parser.ParsableMachineTest" name="Bus.mch: testParsable" time="0.018" />
  <testcase classname="de.be4.classicalb.core.parser.ParsableMachineTest" name="Runner.mch: testParsable" time="0.022" />
  <testcase classname="de.be4.classicalb.core.parser.ParsableMachineTest" name="DefTest.mch: testParsable" time="0.033" />
  <testcase classname="de.be4.classicalb.core.parser.ParsableMachineTest" name="Foldr_ParMachine.mch: testParsable" time="0.04" />
  <testcase classname="de.be4.classicalb.core.parser.ParsableMachineTest" name="CarlaTravelAgencyErr2.mch: testParsable" time="0.239" />
  <testcase classname="de.be4.classicalb.core.parser.ParsableMachineTest" name="EmptySetSeq.mch: testParsable" time="0.011" />
  <testcase classname="de.be4.classicalb.core.parser.ParsableMachineTest" name="SetComprehension.mch: testParsable" time="0.032" />
  <testcase classname="de.be4.classicalb.core.parser.ParsableMachineTest" name="TestLastSeqRev.mch: testParsable" time="0.043" />
  <testcase classname="de.be4.classicalb.core.parser.ParsableMachineTest" name="ConcreteVariables.mch: testParsable" time="0.016" />
  <testcase classname="de.be4.classicalb.core.parser.ParsableMachineTest" name="counter_po_translated.mch: testParsable" time="0.006" />
  <testcase classname="de.be4.classicalb.core.parser.ParsableMachineTest" name="M2.mch: testParsable" time="0.008" />
  <testcase classname="de.be4.classicalb.core.parser.ParsableMachineTest" name="Iftest.mch: testParsable" time="0.029" />
  <testcase classname="de.be4.classicalb.core.parser.ParsableMachineTest" name="seqRecurse.mch: testParsable" time="0.054" />
  <testcase classname="de.be4.classicalb.core.parser.ParsableMachineTest" name="CHOICE_CLASS.mch: testParsable" time="0.012" />
  <testcase classname="de.be4.classicalb.core.parser.ParsableMachineTest" name="FinalTravelAgency.mch: testParsable" time="0.212" />
  <testcase classname="de.be4.classicalb.core.parser.ParsableMachineTest" name="RushHour.mch: testParsable" time="0.114" />
  <testcase classname="de.be4.classicalb.core.parser.ParsableMachineTest" name="CartesianNat.mch: testParsable" time="0.02" />
  <testcase classname="de.be4.classicalb.core.parser.ParsableMachineTest" name="TheSystem_small.mch: testParsable" time="0.173" />
  <testcase classname="de.be4.classicalb.core.parser.ParsableMachineTest" name="Grid.mch: testParsable" time="0.029" />
  <testcase classname="de.be4.classicalb.core.parser.ParsableMachineTest" name="abroadcast.mch: testParsable" time="0.036" />
  <testcase classname="de.be4.classicalb.core.parser.ParsableMachineTest" name="fahrzeug_inhaber2.mch: testParsable" time="0.034" />
  <testcase classname="de.be4.classicalb.core.parser.ParsableMachineTest" name="FourExtCounters.mch: testParsable" time="0.008" />
  <testcase classname="de.be4.classicalb.core.parser.ParsableMachineTest" name="CoinPuzzle.mch: testParsable" time="0.023" />
  <testcase classname="de.be4.classicalb.core.parser.ParsableMachineTest" name="OneArcLabelGraph.mch: testParsable" time="0.037" />
  <testcase classname="de.be4.classicalb.core.parser.ParsableMachineTest" name="Access2.mch: testParsable" time="0.036" />
  <testcase classname="de.be4.classicalb.core.parser.ParsableMachineTest" name="Any.mch: testParsable" time="0.028" />
  <testcase classname="de.be4.classicalb.core.parser.ParsableMachineTest" name="DefinitionFileTest.mch: testParsable" time="0.028" />
  <testcase classname="de.be4.classicalb.core.parser.ParsableMachineTest" name="Normalise_Tester.mch: testParsable" time="0.028" />
  <testcase classname="de.be4.classicalb.core.parser.ParsableMachineTest" name="LLParsingStaged.mch: testParsable" time="0.064" />
  <testcase classname="de.be4.classicalb.core.parser.ParsableMachineTest" name="Exp.mch: testParsable" time="0.009" />
  <testcase classname="de.be4.classicalb.core.parser.ParsableMachineTest" name="Sample2_just_connects.mch: testParsable" time="0.023" />
  <testcase classname="de.be4.classicalb.core.parser.ParsableMachineTest" name="TravelProB.mch: testParsable" time="0.034" />
  <testcase classname="de.be4.classicalb.core.parser.ParsableMachineTest" name="CarlaNewTravelAgency.mch: testParsable" time="0.279" />
  <testcase classname="de.be4.classicalb.core.parser.ParsableMachineTest" name="ImpAckProtocol.mch: testParsable" time="0.087" />
  <testcase classname="de.be4.classicalb.core.parser.ParsableMachineTest" name="TypeCheckTest1.mch: testParsable" time="0.015" />
  <testcase classname="de.be4.classicalb.core.parser.ParsableMachineTest" name="GCD.mch: testParsable" time="0.016" />
  <testcase classname="de.be4.classicalb.core.parser.ParsableMachineTest" name="PrjTest.mch: testParsable" time="0.037" />
  <testcase classname="de.be4.classicalb.core.parser.ParsableMachineTest" name="CXCC2R.ref: testParsable" time="0.048" />
  <testcase classname="de.be4.classicalb.core.parser.ParsableMachineTest" name="TypeError3.mch: testParsable" time="0.004" />
  <testcase classname="de.be4.classicalb.core.parser.ParsableMachineTest" name="CarlaTravelAgency.mch: testParsable" time="0.227" />
  <testcase classname="de.be4.classicalb.core.parser.ParsableMachineTest" name="NestedFunctions2.mch: testParsable" time="0.026" />
  <testcase classname="de.be4.classicalb.core.parser.ParsableMachineTest" name="Rubik_2by2_Sym.mch: testParsable" time="0.065" />
  <testcase classname="de.be4.classicalb.core.parser.ParsableMachineTest" name="Schleusen.mch: testParsable" time="0.141" />
  <testcase classname="de.be4.classicalb.core.parser.ParsableMachineTest" name="CrewAllocation.mch: testParsable" time="0.075" />
  <testcase classname="de.be4.classicalb.core.parser.ParsableMachineTest" name="CarlaTravelAgency_corrected1.mch: testParsable" time="0.248" />
  <testcase classname="de.be4.classicalb.core.parser.ParsableMachineTest" name="Customer.mch: testParsable" time="0.026" />
  <testcase classname="de.be4.classicalb.core.parser.ParsableMachineTest" name="DependencyTest.mch: testParsable" time="0.031" />
  <testcase classname="de.be4.classicalb.core.parser.ParsableMachineTest" name="SymCounterEx.mch: testParsable" time="0.014" />
  <testcase classname="de.be4.classicalb.core.parser.ParsableMachineTest" name="TotalFunTest4.mch: testParsable" time="0.029" />
  <testcase classname="de.be4.classicalb.core.parser.ParsableMachineTest" name="TwoCounters.mch: testParsable" time="0.01" />
  <testcase classname="de.be4.classicalb.core.parser.ParsableMachineTest" name="Sum9.mch: testParsable" time="0.016" />
  <testcase classname="de.be4.classicalb.core.parser.ParsableMachineTest" name="PrjTypeCheckTest.mch: testParsable" time="0.047" />
  <testcase classname="de.be4.classicalb.core.parser.ParsableMachineTest" name="Galois.mch: testParsable" time="0.044" />
  <testcase classname="de.be4.classicalb.core.parser.ParsableMachineTest" name="Sample2_mod.mch: testParsable" time="0.187" />
  <testcase classname="de.be4.classicalb.core.parser.ParsableMachineTest" name="teg1.mch: testParsable" time="0.012" />
  <testcase classname="de.be4.classicalb.core.parser.ParsableMachineTest" name="SeqSquare.mch: testParsable" time="0.029" />
  <testcase classname="de.be4.classicalb.core.parser.ParsableMachineTest" name="Club.mch: testParsable" time="0.026" />
  <testcase classname="de.be4.classicalb.core.parser.ParsableMachineTest" name="ArithmeticLaws.mch: testParsable" time="0.04" />
  <testcase classname="de.be4.classicalb.core.parser.ParsableMachineTest" name="CartesianLarge.mch: testParsable" time="0.008" />
  <testcase classname="de.be4.classicalb.core.parser.ParsableMachineTest" name="AddNumbers.mch: testParsable" time="0.006" />
  <testcase classname="de.be4.classicalb.core.parser.ParsableMachineTest" name="PetsSimple.mch: testParsable" time="0.029" />
  <testcase classname="de.be4.classicalb.core.parser.ParsableMachineTest" name="TLA_Graph.mch: testParsable" time="0.021" />
  <testcase classname="de.be4.classicalb.core.parser.ParsableMachineTest" name="Access_chap9.mch: testParsable" time="0.037" />
  <testcase classname="de.be4.classicalb.core.parser.ParsableMachineTest" name="NormalisationTest.mch: testParsable" time="0.025" />
  <testcase classname="de.be4.classicalb.core.parser.ParsableMachineTest" name="RelComposition.mch: testParsable" time="0.006" />
  <testcase classname="de.be4.classicalb.core.parser.ParsableMachineTest" name="FDTest.mch: testParsable" time="0.02" />
  <testcase classname="de.be4.classicalb.core.parser.ParsableMachineTest" name="Pairs.mch: testParsable" time="0.033" />
  <testcase classname="de.be4.classicalb.core.parser.ParsableMachineTest" name="TwoExtCounters.mch: testParsable" time="0.011" />
  <testcase classname="de.be4.classicalb.core.parser.ParsableMachineTest" name="RSA.mch: testParsable" time="0.07" />
  <testcase classname="de.be4.classicalb.core.parser.ParsableMachineTest" name="Switch.mch: testParsable" time="0.008" />
  <testcase classname="de.be4.classicalb.core.parser.ParsableMachineTest" name="HabriasHCG.mch: testParsable" time="0.05" />
  <testcase classname="de.be4.classicalb.core.parser.ParsableMachineTest" name="ACounter.mch: testParsable" time="0.006" />
  <testcase classname="de.be4.classicalb.core.parser.ParsableMachineTest" name="Fibonacci.mch: testParsable" time="0.026" />
  <testcase classname="de.be4.classicalb.core.parser.ParsableMachineTest" name="SudokuSETS9.mch: testParsable" time="0.103" />
  <testcase classname="de.be4.classicalb.core.parser.ParsableMachineTest" name="Pussee_inst_adapted.mch: testParsable" time="0.071" />
  <testcase classname="de.be4.classicalb.core.parser.ParsableMachineTest" name="SymMarkerTest.mch: testParsable" time="0.013" />
  <testcase classname="de.be4.classicalb.core.parser.ParsableMachineTest" name="Counter1.mch: testParsable" time="0.011" />
  <testcase classname="de.be4.classicalb.core.parser.ParsableMachineTest" name="SimpleParallel.mch: testParsable" time="0.026" />
  <testcase classname="de.be4.classicalb.core.parser.ParsableMachineTest" name="CarlaTravelAgency_corrected2.mch: testParsable" time="0.199" />
  <testcase classname="de.be4.classicalb.core.parser.ParsableMachineTest" name="CAR_CLASS.mch: testParsable" time="0.002" />
  <testcase classname="de.be4.classicalb.core.parser.ParsableMachineTest" name="Info.mch: testParsable" time="0.034" />
  <testcase classname="de.be4.classicalb.core.parser.ParsableMachineTest" name="replicated_choice.mch: testParsable" time="0.012" />
  <testcase classname="de.be4.classicalb.core.parser.ParsableMachineTest" name="NOTA.mch: testParsable" time="0.122" />
  <testcase classname="de.be4.classicalb.core.parser.ParsableMachineTest" name="Peterson.mch: testParsable" time="0.058" />
  <testcase classname="de.be4.classicalb.core.parser.ParsableMachineTest" name="RouteIsSeq.mch: testParsable" time="0.009" />
  <testcase classname="de.be4.classicalb.core.parser.ParsableMachineTest" name="TypeError1.mch: testParsable" time="0.023" />
  <testcase classname="de.be4.classicalb.core.parser.ParsableMachineTest" name="FunMultipleArgs.mch: testParsable" time="0.009" />
  <testcase classname="de.be4.classicalb.core.parser.ParsableMachineTest" name="Lambda.mch: testParsable" time="0.024" />
  <testcase classname="de.be4.classicalb.core.parser.ParsableMachineTest" name="MyData2.mch: testParsable" time="0.008" />
  <testcase classname="de.be4.classicalb.core.parser.ParsableMachineTest" name="LLParsingStagedEfficient.mch: testParsable" time="0.072" />
  <testcase classname="de.be4.classicalb.core.parser.ParsableMachineTest" name="Functions.mch: testParsable" time="0.02" />
  <testcase classname="de.be4.classicalb.core.parser.ParsableMachineTest" name="CrewAllocation2.mch: testParsable" time="0.054" />
  <testcase classname="de.be4.classicalb.core.parser.ParsableMachineTest" name="Reading.mch: testParsable" time="0.046" />
  <testcase classname="de.be4.classicalb.core.parser.ParsableMachineTest" name="simple1.mch: testParsable" time="0.005" />
  <testcase classname="de.be4.classicalb.core.parser.ParsableMachineTest" name="Baskets.mch: testParsable" time="0.025" />
  <testcase classname="de.be4.classicalb.core.parser.ParsableMachineTest" name="SIGMAPI.mch: testParsable" time="0.067" />
  <testcase classname="de.be4.classicalb.core.parser.ParsableMachineTest" name="USER_CLASS.mch: testParsable" time="0.074" />
  <testcase classname="de.be4.classicalb.core.parser.ParsableMachineTest" name="ColorTilePuzzle.mch: testParsable" time="0.066" />
  <testcase classname="de.be4.classicalb.core.parser.ParsableMachineTest" name="RefinementAlgorithm.mch: testParsable" time="0.063" />
  <testcase classname="de.be4.classicalb.core.parser.ParsableMachineTest" name="AAA_ManyVars300.mch: testParsable" time="0.332" />
  <testcase classname="de.be4.classicalb.core.parser.ParsableMachineTest" name="Paperround_simple.mch: testParsable" time="0.019" />
  <testcase classname="de.be4.classicalb.core.parser.ParsableMachineTest" name="Lambda3.mch: testParsable" time="0.012" />
  <testcase classname="de.be4.classicalb.core.parser.ParsableMachineTest" name="Jukebox.mch: testParsable" time="0.039" />
  <testcase classname="de.be4.classicalb.core.parser.ParsableMachineTest" name="SLR0ParsingTable.mch: testParsable" time="0.034" />
  <testcase classname="de.be4.classicalb.core.parser.ParsableMachineTest" name="PLATFORM_CLASS.mch: testParsable" time="0.08" />
  <testcase classname="de.be4.classicalb.core.parser.ParsableMachineTest" name="Tagency.mch: testParsable" time="0.067" />
  <testcase classname="de.be4.classicalb.core.parser.ParsableMachineTest" name="telefonbuch2.mch: testParsable" time="0.023" />
  <testcase classname="de.be4.classicalb.core.parser.ParsableMachineTest" name="UnionGeneralizedTest.mch: testParsable" time="0.05" />
  <testcase classname="de.be4.classicalb.core.parser.ParsableMachineTest" name="Lift_inf.mch: testParsable" time="0.01" />
  <testcase classname="de.be4.classicalb.core.parser.ParsableMachineTest" name="RelLaws.mch: testParsable" time="0.2" />
  <testcase classname="de.be4.classicalb.core.parser.ParsableMachineTest" name="dfa.mch: testParsable" time="0.05" />
  <testcase classname="de.be4.classicalb.core.parser.ParsableMachineTest" name="CstDefError2.mch: testParsable" time="0.028" />
  <testcase classname="de.be4.classicalb.core.parser.ParsableMachineTest" name="Tagency2.mch: testParsable" time="0.057" />
  <testcase classname="de.be4.classicalb.core.parser.ParsableMachineTest" name="Test_Exists.mch: testParsable" time="0.032" />
  <testcase classname="de.be4.classicalb.core.parser.ParsableMachineTest" name="Weighted_Graph.mch: testParsable" time="0.075" />
  <testcase classname="de.be4.classicalb.core.parser.ParsableMachineTest" name="Swap.mch: testParsable" time="0.036" />
  <testcase classname="de.be4.classicalb.core.parser.ParsableMachineTest" name="fahrzeug_inhaber3.mch: testParsable" time="0.061" />
  <testcase classname="de.be4.classicalb.core.parser.ParsableMachineTest" name="TestBZTT2.mch: testParsable" time="0.102" />
  <testcase classname="de.be4.classicalb.core.parser.ParsableMachineTest" name="SetSetLaws.mch: testParsable" time="0.28" />
  <testcase classname="de.be4.classicalb.core.parser.ParsableMachineTest" name="Philosoph1.mch: testParsable" time="0.029" />
  <testcase classname="de.be4.classicalb.core.parser.ParsableMachineTest" name="FD_test2.mch: testParsable" time="0.011" />
  <testcase classname="de.be4.classicalb.core.parser.ParsableMachineTest" name="countdown.mch: testParsable" time="0.029" />
  <testcase classname="de.be4.classicalb.core.parser.ParsableMachineTest" name="Weighted_Graph_problematic.mch: testParsable" time="0.038" />
  <testcase classname="de.be4.classicalb.core.parser.ParsableMachineTest" name="DetTestSimple.mch: testParsable" time="0.028" />
  <testcase classname="de.be4.classicalb.core.parser.ParsableMachineTest" name="RoutePlanning_bak.mch: testParsable" time="0.087" />
  <testcase classname="de.be4.classicalb.core.parser.ParsableMachineTest" name="MyTwoDatas.mch: testParsable" time="0.007" />
  <testcase classname="de.be4.classicalb.core.parser.ParsableMachineTest" name="Ether.mch: testParsable" time="0.063" />
  <testcase classname="de.be4.classicalb.core.parser.ParsableMachineTest" name="SetGame2.mch: testParsable" time="0.023" />
  <testcase classname="de.be4.classicalb.core.parser.ParsableMachineTest" name="SimpleClosure.mch: testParsable" time="0.012" />
  <testcase classname="de.be4.classicalb.core.parser.ParsableMachineTest" name="TotalFunSuperSimple.mch: testParsable" time="0.017" />
  <testcase classname="de.be4.classicalb.core.parser.ParsableMachineTest" name="SurjEnumCst.mch: testParsable" time="0.019" />
  <testcase classname="de.be4.classicalb.core.parser.ParsableMachineTest" name="Set.mch: testParsable" time="0.009" />
  <testcase classname="de.be4.classicalb.core.parser.ParsableMachineTest" name="counter.mch: testParsable" time="0.004" />
  <testcase classname="de.be4.classicalb.core.parser.ParsableMachineTest" name="Rubik2_bis.mch: testParsable" time="0.067" />
  <testcase classname="de.be4.classicalb.core.parser.ParsableMachineTest" name="DSP0.mch: testParsable" time="0.048" />
  <testcase classname="de.be4.classicalb.core.parser.ParsableMachineTest" name="SeqReduce.mch: testParsable" time="0.032" />
  <testcase classname="de.be4.classicalb.core.parser.ParsableMachineTest" name="CXCC2R_error.ref: testParsable" time="0.011" />
  <testcase classname="de.be4.classicalb.core.parser.ParsableMachineTest" name="SudokuMike.mch: testParsable" time="0.059" />
  <testcase classname="de.be4.classicalb.core.parser.ParsableMachineTest" name="OneLevelGraph.ref: testParsable" time="0.058" />
  <testcase classname="de.be4.classicalb.core.parser.ParsableMachineTest" name="birthdaybook.mch: testParsable" time="0.041" />
  <testcase classname="de.be4.classicalb.core.parser.ParsableMachineTest" name="LLParsingTest.mch: testParsable" time="0.035" />
  <testcase classname="de.be4.classicalb.core.parser.ParsableMachineTest" name="SudokuSETS.mch: testParsable" time="0.078" />
  <testcase classname="de.be4.classicalb.core.parser.ParsableMachineTest" name="SIGMA_ANC.mch: testParsable" time="0.002" />
  <testcase classname="de.be4.classicalb.core.parser.ParsableMachineTest" name="SudokuSym.mch: testParsable" time="0.05" />
  <testcase classname="de.be4.classicalb.core.parser.ParsableMachineTest" name="PID.mch: testParsable" time="0.032" />
  <testcase classname="de.be4.classicalb.core.parser.ParsableMachineTest" name="CallOp.mch: testParsable" time="0.011" />
  <testcase classname="de.be4.classicalb.core.parser.ParsableMachineTest" name="Access1.mch: testParsable" time="0.044" />
  <testcase classname="de.be4.classicalb.core.parser.ParsableMachineTest" name="Robot2.ref: testParsable" time="0.015" />
  <testcase classname="de.be4.classicalb.core.parser.ParsableMachineTest" name="SortByPermutation5.mch: testParsable" time="0.029" />
  <testcase classname="de.be4.classicalb.core.parser.ParsableMachineTest" name="PartialFunCheck.mch: testParsable" time="0.031" />
  <testcase classname="de.be4.classicalb.core.parser.ParsableMachineTest" name="RecTest3_Simple.mch: testParsable" time="0.01" />
  <testcase classname="de.be4.classicalb.core.parser.ParsableMachineTest" name="flights.mch: testParsable" time="0.047" />
  <testcase classname="de.be4.classicalb.core.parser.ParsableMachineTest" name="HygMakroTest.mch: testParsable" time="0.012" />
  <testcase classname="de.be4.classicalb.core.parser.ParsableMachineTest" name="SeqLaws.mch: testParsable" time="0.155" />
  <testcase classname="de.be4.classicalb.core.parser.ParsableMachineTest" name="Paperround.mch: testParsable" time="0.012" />
  <testcase classname="de.be4.classicalb.core.parser.ParsableMachineTest" name="arr.mch: testParsable" time="0.025" />
  <testcase classname="de.be4.classicalb.core.parser.ParsableMachineTest" name="AbsInt.mch: testParsable" time="0.036" />
  <testcase classname="de.be4.classicalb.core.parser.ParsableMachineTest" name="MyData.mch: testParsable" time="0.02" />
  <testcase classname="de.be4.classicalb.core.parser.ParsableMachineTest" name="Jobshop.mch: testParsable" time="0.039" />
  <testcase classname="de.be4.classicalb.core.parser.ParsableMachineTest" name="Fermat.mch: testParsable" time="0.054" />
  <testcase classname="de.be4.classicalb.core.parser.ParsableMachineTest" name="SELECT_CASE.mch: testParsable" time="0.042" />
  <testcase classname="de.be4.classicalb.core.parser.ParsableMachineTest" name="LatinSquares.mch: testParsable" time="0.035" />
  <testcase classname="de.be4.classicalb.core.parser.ParsableMachineTest" name="CarlaTravelAgencyErr.mch: testParsable" time="0.208" />
  <testcase classname="de.be4.classicalb.core.parser.ParsableMachineTest" name="SetAssignment.mch: testParsable" time="0.008" />
  <testcase classname="de.be4.classicalb.core.parser.ParsableMachineTest" name="TLA_GraphState.mch: testParsable" time="0.031" />
  <testcase classname="de.be4.classicalb.core.parser.ParsableMachineTest" name="SimpleConstants.mch: testParsable" time="0.025" />
  <testcase classname="de.be4.classicalb.core.parser.ParsableMachineTest" name="ServerR.ref: testParsable" time="0.02" />
  <testcase classname="de.be4.classicalb.core.parser.ParsableMachineTest" name="FileSystem.mch: testParsable" time="0.081" />
  <testcase classname="de.be4.classicalb.core.parser.ParsableMachineTest" name="SubstSetInTests.mch: testParsable" time="0.021" />
  <testcase classname="de.be4.classicalb.core.parser.ParsableMachineTest" name="SetComprehensionTester.mch: testParsable" time="0.022" />
  <testcase classname="de.be4.classicalb.core.parser.ParsableMachineTest" name="AssignToUndeclaredVar.mch: testParsable" time="0.012" />
  <testcase classname="de.be4.classicalb.core.parser.ParsableMachineTest" name="TLA_Graph_original.mch: testParsable" time="0.02" />
  <testcase classname="de.be4.classicalb.core.parser.ParsableMachineTest" name="Reza_Pattern1Spec.mch: testParsable" time="0.038" />
  <testcase classname="de.be4.classicalb.core.parser.ParsableMachineTest" name="Proof.mch: testParsable" time="0.068" />
  <testcase classname="de.be4.classicalb.core.parser.ParsableMachineTest" name="DAB.mch: testParsable" time="0.073" />
  <testcase classname="de.be4.classicalb.core.parser.ParsableMachineTest" name="TotalFunTest2.mch: testParsable" time="0.037" />
  <testcase classname="de.be4.classicalb.core.parser.ParsableMachineTest" name="TheSystem.mch: testParsable" time="0.22" />
  <testcase classname="de.be4.classicalb.core.parser.ParsableMachineTest" name="test_init.mch: testParsable" time="0.006" />
  <testcase classname="de.be4.classicalb.core.parser.ParsableMachineTest" name="UnionExtensionSet.mch: testParsable" time="0.006" />
  <testcase classname="de.be4.classicalb.core.parser.ParsableMachineTest" name="ZeroMutRec.mch: testParsable" time="0.022" />
  <testcase classname="de.be4.classicalb.core.parser.ParsableMachineTest" name="PLATFORM_CLASS2.mch: testParsable" time="0.08" />
  <testcase classname="de.be4.classicalb.core.parser.ParsableMachineTest" name="Results.mch: testParsable" time="0.017" />
  <testcase classname="de.be4.classicalb.core.parser.ParsableMachineTest" name="USB_4Endpoints.mch: testParsable" time="0.098" />
  <testcase classname="de.be4.classicalb.core.parser.ParsableMachineTest" name="seq_test.mch: testParsable" time="0.068" />
  <testcase classname="de.be4.classicalb.core.parser.ParsableMachineTest" name="Farmer.mch: testParsable" time="0.041" />
  <testcase classname="de.be4.classicalb.core.parser.ParsableMachineTest" name="StateExplosion.mch: testParsable" time="0.022" />
  <testcase classname="de.be4.classicalb.core.parser.ParsableMachineTest" name="PlaceOnRoadRecords.mch: testParsable" time="0.042" />
  <testcase classname="de.be4.classicalb.core.parser.ParsableMachineTest" name="CstDefError1.mch: testParsable" time="0.011" />
  <testcase classname="de.be4.classicalb.core.parser.ParsableMachineTest" name="FunLawsWithLambda.mch: testParsable" time="0.146" />
  <testcase classname="de.be4.classicalb.core.parser.ParsableMachineTest" name="Rubik2_twist.mch: testParsable" time="0.094" />
  <testcase classname="de.be4.classicalb.core.parser.ParsableMachineTest" name="teg1ref.ref: testParsable" time="0.059" />
  <testcase classname="de.be4.classicalb.core.parser.ParsableMachineTest" name="TokenRing.mch: testParsable" time="0.025" />
  <testcase classname="de.be4.classicalb.core.parser.ParsableMachineTest" name="SwapR.ref: testParsable" time="0.008" />
  <testcase classname="de.be4.classicalb.core.parser.ParsableMachineTest" name="Lambda2.mch: testParsable" time="0.064" />
  <testcase classname="de.be4.classicalb.core.parser.ParsableMachineTest" name="ServerR_wrong.ref: testParsable" time="0.037" />
  <testcase classname="de.be4.classicalb.core.parser.ParsableMachineTest" name="abort_test.mch: testParsable" time="0.02" />
  <testcase classname="de.be4.classicalb.core.parser.ParsableMachineTest" name="LetTest.mch: testParsable" time="0.036" />
  <testcase classname="de.be4.classicalb.core.parser.ParsableMachineTest" name="PartialFunOverRel.mch: testParsable" time="0.014" />
  <testcase classname="de.be4.classicalb.core.parser.ParsableMachineTest" name="DSP0_complicated_initialisation.mch: testParsable" time="0.034" />
  <testcase classname="de.be4.classicalb.core.parser.ParsableMachineTest" name="trace_checking_test.mch: testParsable" time="0.026" />
  <testcase classname="de.be4.classicalb.core.parser.ParsableMachineTest" name="TrainTorchPuzzle.mch: testParsable" time="0.043" />
  <testcase classname="de.be4.classicalb.core.parser.ParsableMachineTest" name="FibonacciMorphism.mch: testParsable" time="0.018" />
  <testcase classname="de.be4.classicalb.core.parser.ParsableMachineTest" name="Puzzle5.mch: testParsable" time="0.032" />
  <testcase classname="de.be4.classicalb.core.parser.ParsableMachineTest" name="pf_test.mch: testParsable" time="0.028" />
  <testcase classname="de.be4.classicalb.core.parser.ParsableMachineTest" name="abroadcast_err.mch: testParsable" time="0.048" />
  <testcase classname="de.be4.classicalb.core.parser.ParsableMachineTest" name="WaitingRoom.mch: testParsable" time="0.032" />
  <testcase classname="de.be4.classicalb.core.parser.ParsableMachineTest" name="Lano_COINS_STATE.mch: testParsable" time="0.022" />
  <testcase classname="de.be4.classicalb.core.parser.ParsableMachineTest" name="mesiSet.mch: testParsable" time="0.045" />
  <testcase classname="de.be4.classicalb.core.parser.ParsableMachineTest" name="TotalFunTest3.mch: testParsable" time="0.016" />
  <testcase classname="de.be4.classicalb.core.parser.ParsableMachineTest" name="TestAssoc.mch: testParsable" time="0.027" />
  <testcase classname="de.be4.classicalb.core.parser.ParsableMachineTest" name="ArtikelA4.mch: testParsable" time="0.023" />
  <testcase classname="de.be4.classicalb.core.parser.ParsableMachineTest" name="TRAVELAGENCY.mch: testParsable" time="0.04" />
  <testcase classname="de.be4.classicalb.core.parser.ParsableMachineTest" name="ExistentialTest.mch: testParsable" time="0.042" />
  <testcase classname="de.be4.classicalb.core.parser.ParsableMachineTest" name="NatEnumTest.mch: testParsable" time="0.007" />
  <testcase classname="de.be4.classicalb.core.parser.ParsableMachineTest" name="DiningCryptographers.mch: testParsable" time="0.041" />
  <testcase classname="de.be4.classicalb.core.parser.ParsableMachineTest" name="CXCC.mch: testParsable" time="0.085" />
  <testcase classname="de.be4.classicalb.core.parser.ParsableMachineTest" name="ANNA.mch: testParsable" time="0.009" />
  <testcase classname="de.be4.classicalb.core.parser.ParsableMachineTest" name="TRAVELAGENCY.ref: testParsable" time="0.034" />
  <testcase classname="de.be4.classicalb.core.parser.ParsableMachineTest" name="SudokuMikeSmall2.mch: testParsable" time="0.054" />
  <testcase classname="de.be4.classicalb.core.parser.ParsableMachineTest" name="TypeError2.mch: testParsable" time="0.006" />
  <testcase classname="de.be4.classicalb.core.parser.ParsableMachineTest" name="Maxint_Test.mch: testParsable" time="0.023" />
  <testcase classname="de.be4.classicalb.core.parser.ParsableMachineTest" name="SET_PerfTest.mch: testParsable" time="0.016" />
  <testcase classname="de.be4.classicalb.core.parser.ParsableMachineTest" name="SeqTest2.mch: testParsable" time="0.013" />
  <testcase classname="de.be4.classicalb.core.parser.ParsableMachineTest" name="PartialFunNATURAL.mch: testParsable" time="0.05" />
  <testcase classname="de.be4.classicalb.core.parser.ParsableMachineTest" name="PhilRing.mch: testParsable" time="0.041" />
  <testcase classname="de.be4.classicalb.core.parser.ParsableMachineTest" name="SurjEnum.mch: testParsable" time="0.007" />
  <testcase classname="de.be4.classicalb.core.parser.ParsableMachineTest" name="Shop.mch: testParsable" time="0.012" />
  <testcase classname="de.be4.classicalb.core.parser.ParsableMachineTest" name="NestedFunction.mch: testParsable" time="0.052" />
  <testcase classname="de.be4.classicalb.core.parser.ParsableMachineTest" name="ConstraintsTest.mch: testParsable" time="0.018" />
  <testcase classname="de.be4.classicalb.core.parser.ParsableMachineTest" name="SeqMap.mch: testParsable" time="0.03" />
  <testcase classname="de.be4.classicalb.core.parser.ParsableMachineTest" name="SeqFoldr.mch: testParsable" time="0.036" />
  <testcase classname="de.be4.classicalb.core.parser.ParsableMachineTest" name="JobshopR.ref: testParsable" time="0.024" />
  <testcase classname="de.be4.classicalb.core.parser.ParsableMachineTest" name="dijkstra.mch: testParsable" time="0.032" />
  <testcase classname="de.be4.classicalb.core.parser.ParsableMachineTest" name="CarlaTravelAgency_corrected2_small.mch: testParsable" time="0.227" />
  <testcase classname="de.be4.classicalb.core.parser.ParsableMachineTest" name="AAA_ManyOps100.mch: testParsable" time="0.159" />
  <testcase classname="de.be4.classicalb.core.parser.ParsableMachineTest" name="permtest.mch: testParsable" time="0.011" />
  <testcase classname="de.be4.classicalb.core.parser.ParsableMachineTest" name="Sample.mch: testParsable" time="0.146" />
  <testcase classname="de.be4.classicalb.core.parser.ParsableMachineTest" name="LLParsing.mch: testParsable" time="0.05" />
  <testcase classname="de.be4.classicalb.core.parser.ParsableMachineTest" name="Dining.mch: testParsable" time="0.031" />
  <testcase classname="de.be4.classicalb.core.parser.ParsableMachineTest" name="TreeTest.mch: testParsable" time="0.009" />
  <testcase classname="de.be4.classicalb.core.parser.ParsableMachineTest" name="ProtocolRoute.ref: testParsable" time="0.046" />
  <testcase classname="de.be4.classicalb.core.parser.ParsableMachineTest" name="AssertTest.mch: testParsable" time="0.019" />
  <testcase classname="de.be4.classicalb.core.parser.ParsableMachineTest" name="Sample2b.mch: testParsable" time="0.031" />
  <testcase classname="de.be4.classicalb.core.parser.ParsableMachineTest" name="Sets_Simple.mch: testParsable" time="0.009" />
  <testcase classname="de.be4.classicalb.core.parser.ParsableMachineTest" name="SetGame.mch: testParsable" time="0.02" />
  <testcase classname="de.be4.classicalb.core.parser.ParsableMachineTest" name="RecTest2.mch: testParsable" time="0.018" />
  <testcase classname="de.be4.classicalb.core.parser.ParsableMachineTest" name="LightSwitch.mch: testParsable" time="0.006" />
  <testcase classname="de.be4.classicalb.core.parser.ParsableMachineTest" name="SortByPermutationPF.mch: testParsable" time="0.028" />
  <testcase classname="de.be4.classicalb.core.parser.ParsableMachineTest" name="Server.mch: testParsable" time="0.017" />
  <testcase classname="de.be4.classicalb.core.parser.ParsableMachineTest" name="Robot.mch: testParsable" time="0.021" />
  <testcase classname="de.be4.classicalb.core.parser.ParsableMachineTest" name="TestBZTT.mch: testParsable" time="0.035" />
  <testcase classname="de.be4.classicalb.core.parser.ParsableMachineTest" name="NestedFunctions3.mch: testParsable" time="0.025" />
  <testcase classname="de.be4.classicalb.core.parser.ParsableMachineTest" name="Sort.mch: testParsable" time="0.024" />
  <testcase classname="de.be4.classicalb.core.parser.ParsableMachineTest" name="UndefinedFunctions.mch: testParsable" time="0.043" />
  <testcase classname="de.be4.classicalb.core.parser.ParsableMachineTest" name="ServerR_wrong2.ref: testParsable" time="0.02" />
  <testcase classname="de.be4.classicalb.core.parser.ParsableMachineTest" name="RecTest.mch: testParsable" time="0.015" />
  <testcase classname="de.be4.classicalb.core.parser.ParsableMachineTest" name="PartialFunTest2.mch: testParsable" time="0.036" />
  <testcase classname="de.be4.classicalb.core.parser.ParsableMachineTest" name="choice_test.mch: testParsable" time="0.031" />
  <testcase classname="de.be4.classicalb.core.parser.ParsableMachineTest" name="ChainLinkPuzzle.mch: testParsable" time="0.047" />
  <testcase classname="de.be4.classicalb.core.parser.ParsableMachineTest" name="RecSetLaws.mch: testParsable" time="0.354" />
  <testcase classname="de.be4.classicalb.core.parser.ParsableMachineTest" name="Prime.mch: testParsable" time="0.007" />
  <testcase classname="de.be4.classicalb.core.parser.ParsableMachineTest" name="PartialFunCartesianNATURAL.mch: testParsable" time="0.041" />
  <testcase classname="de.be4.classicalb.core.parser.ParsableMachineTest" name="symetric1.mch: testParsable" time="0.014" />
  <testcase classname="de.be4.classicalb.core.parser.ParsableMachineTest" name="PerformanceTest1.mch: testParsable" time="0.01" />
  <testcase classname="de.be4.classicalb.core.parser.ParsableMachineTest" name="SimpleCycle.mch: testParsable" time="0.011" />
  <testcase classname="de.be4.classicalb.core.parser.ParsableMachineTest" name="AbortParal.mch: testParsable" time="0.021" />
  <testcase classname="de.be4.classicalb.core.parser.ParsableMachineTest" name="SimpleIndep.mch: testParsable" time="0.007" />
  <system-out><![CDATA[]]></system-out>
  <system-err><![CDATA[]]></system-err>
</testsuite>
