<?xml version="1.0" encoding="UTF-8"?>
<testsuite errors="0" failures="0" hostname="stupsi" name="de.be4.classicalb.core.parser.StructuralTest" tests="17" time="0.269" timestamp="2011-07-18T09:44:58">
  <properties />
  <testcase classname="de.be4.classicalb.core.parser.StructuralTest" name="testEmptyMachine" time="0.019" />
  <testcase classname="de.be4.classicalb.core.parser.StructuralTest" name="testWhiteSpaces" time="0.004" />
  <testcase classname="de.be4.classicalb.core.parser.StructuralTest" name="testIncludesClause" time="0.008" />
  <testcase classname="de.be4.classicalb.core.parser.StructuralTest" name="testVariablesClause" time="0.026" />
  <testcase classname="de.be4.classicalb.core.parser.StructuralTest" name="testConstantsClause" time="0.006" />
  <testcase classname="de.be4.classicalb.core.parser.StructuralTest" name="testSetsClause" time="0.014" />
  <testcase classname="de.be4.classicalb.core.parser.StructuralTest" name="testClause1" time="0.014" />
  <testcase classname="de.be4.classicalb.core.parser.StructuralTest" name="testClause2" time="0.004" />
  <testcase classname="de.be4.classicalb.core.parser.StructuralTest" name="testClause3" time="0.01" />
  <testcase classname="de.be4.classicalb.core.parser.StructuralTest" name="testClausesStructure" time="0.039" />
  <testcase classname="de.be4.classicalb.core.parser.StructuralTest" name="testRefinement1" time="0.003" />
  <testcase classname="de.be4.classicalb.core.parser.StructuralTest" name="testImplementation1" time="0.002" />
  <testcase classname="de.be4.classicalb.core.parser.StructuralTest" name="testUnclosedComment" time="0.004" />
  <testcase classname="de.be4.classicalb.core.parser.StructuralTest" name="testList1" time="0.005" />
  <testcase classname="de.be4.classicalb.core.parser.StructuralTest" name="testList2" time="0.003" />
  <testcase classname="de.be4.classicalb.core.parser.StructuralTest" name="testRepeatingClauses" time="0.008" />
  <testcase classname="de.be4.classicalb.core.parser.StructuralTest" name="testMissingProperties" time="0.002" />
  <system-out><![CDATA[TOtherClauseBegin('MACHINE') TSomething(' ') TSomething('S') TSomething('i') TSomething('m') TSomething('p') TSomething('l') TSomething('y') TSomething('S') TSomething('t') TSomething('r') TSomething('u') TSomething('c') TSomething('t') TSomething('u') TSomething('r') TSomething('e') TSomething(' ') TEndMachine('END') 
TMachine('MACHINE') TIdentifierLiteral('SimplyStructure') TEnd('END') TOtherClauseBegin('MACHINE') TSomething(' ') TSomething('S') TSomething('i') TSomething('m') TSomething('p') TSomething('l') TSomething('y') TSomething('S') TSomething('t') TSomething('r') TSomething('u') TSomething('c') TSomething('t') TSomething('u') TSomething('r') TSomething('e') TSomething('
') TOtherClauseBegin('VARIABLES') TSomething(' ') TSomething('a') TSomething('a') TSomething(',') TSomething(' ') TSomething('b') TSomething(',') TSomething(' ') TSomething('C') TSomething('c') TSomething('
') TOtherClauseBegin('INVARIANT') TSomething(' ') TSomething('a') TSomething('a') TSomething(' ') TSomething(':') TSomething(' ') TSomething('N') TSomething('A') TSomething('T') TSomething(' ') TSomething('&') TSomething(' ') TSomething('b') TSomething(' ') TSomething(':') TSomething(' ') TSomething('N') TSomething('A') TSomething('T') TSomething(' ') TSomething('&') TSomething(' ') TSomething('C') TSomething('c') TSomething(' ') TSomething(':') TSomething(' ') TSomething('N') TSomething('A') TSomething('T') TSomething('
') TOtherClauseBegin('INITIALISATION') TSomething(' ') TSomething('a') TSomething('a') TSomething(':') TSomething('=') TSomething('1') TSomething(' ') TSomething('|') TSomething('|') TSomething(' ') TSomething('b') TSomething(':') TSomething('=') TSomething('2') TSomething(' ') TSomething('|') TSomething('|') TSomething(' ') TSomething('c') TSomething(':') TSomething('=') TSomething('3') TSomething('
') TEndMachine('END') 
TMachine('MACHINE') TIdentifierLiteral('SimplyStructure') TVariables('VARIABLES') TIdentifierLiteral('aa') TComma(',') TIdentifierLiteral('b') TComma(',') TIdentifierLiteral('Cc') TInvariant('INVARIANT') TIdentifierLiteral('aa') TElementOf(':') TNat('NAT') TConjunction('&') TIdentifierLiteral('b') TElementOf(':') TNat('NAT') TConjunction('&') TIdentifierLiteral('Cc') TElementOf(':') TNat('NAT') TInitialisation('INITIALISATION') TIdentifierLiteral('aa') TAssign(':=') TIntegerLiteral('1') TDoubleVerticalBar('||') TIdentifierLiteral('b') TAssign(':=') TIntegerLiteral('2') TDoubleVerticalBar('||') TIdentifierLiteral('c') TAssign(':=') TIntegerLiteral('3') TEnd('END') TOtherClauseBegin('MACHINE') TSomething(' ') TSomething('S') TSomething('i') TSomething('m') TSomething('p') TSomething('l') TSomething('y') TSomething('S') TSomething('t') TSomething('r') TSomething('u') TSomething('c') TSomething('t') TSomething('u') TSomething('r') TSomething('e') TSomething(' ') TOtherClauseBegin('SETS') TSomething(' ') TSomething('G') TSomething('G') TSomething('G') TSomething(';') TSomething(' ') TSomething('H') TSomething('h') TSomething('h') TSomething(';') TSomething(' ') TSomething('J') TSomething('J') TSomething(' ') TSomething('=') TSomething(' ') TSomething('{') TSomething('d') TSomething('a') TSomething('d') TSomething('a') TSomething(',') TSomething(' ') TSomething('d') TSomething('u') TSomething('d') TSomething('u') TSomething(',') TSomething(' ') TSomething('T') TSomething('U') TSomething('T') TSomething('U') TSomething('T') TSomething('}') TSomething(';') TSomething(' ') TSomething('i') TSomething('I') TSomething('I') TSomething(';') TSomething(' ') TSomething('k') TSomething('k') TSomething('k') TSomething(' ') TSomething('=') TSomething(' ') TSomething('{') TSomething('L') TSomething('L') TSomething('L') TSomething('}') TSomething(' ') TEndMachine('END') 
TMachine('MACHINE') TIdentifierLiteral('SimplyStructure') TSets('SETS') TIdentifierLiteral('GGG') TSemicolon(';') TIdentifierLiteral('Hhh') TSemicolon(';') TIdentifierLiteral('JJ') TEqual('=') TLeftBrace('{') TIdentifierLiteral('dada') TComma(',') TIdentifierLiteral('dudu') TComma(',') TIdentifierLiteral('TUTUT') TRightBrace('}') TSemicolon(';') TIdentifierLiteral('iII') TSemicolon(';') TIdentifierLiteral('kkk') TEqual('=') TLeftBrace('{') TIdentifierLiteral('LLL') TRightBrace('}') TEnd('END') TOtherClauseBegin('MACHINE') TSomething(' ') TSomething('S') TSomething('i') TSomething('m') TSomething('p') TSomething('l') TSomething('y') TSomething('S') TSomething('t') TSomething('r') TSomething('u') TSomething('c') TSomething('t') TSomething('u') TSomething('r') TSomething('e') TSomething(' ') TEndMachine('END') 
TMachine('MACHINE') TIdentifierLiteral('SimplyStructure') TEnd('END') TOtherClauseBegin('MACHINE') TSomething(' ') TSomething('S') TSomething('i') TSomething('m') TSomething('p') TSomething('l') TSomething('y') TSomething('S') TSomething('t') TSomething('r') TSomething('u') TSomething('c') TSomething('t') TSomething('u') TSomething('r') TSomething('e') TSomething('
') TOtherClauseBegin('VARIABLES') TSomething(' ') TSomething('a') TSomething('a') TSomething(',') TSomething(' ') TSomething('b') TSomething(',') TSomething(' ') TSomething('C') TSomething('c') TSomething('
') TOtherClauseBegin('INVARIANT') TSomething(' ') TSomething('a') TSomething('a') TSomething(' ') TSomething(':') TSomething(' ') TSomething('N') TSomething('A') TSomething('T') TSomething('
') TOtherClauseBegin('INITIALISATION') TSomething(' ') TSomething('a') TSomething('a') TSomething(':') TSomething('=') TSomething('1') TSomething('
') TOtherClauseBegin('CONSTANTS') TSomething(' ') TSomething('d') TSomething('d') TSomething(',') TSomething(' ') TSomething('e') TSomething(',') TSomething(' ') TSomething('F') TSomething('f') TSomething('
') TOtherClauseBegin('PROPERTIES') TSomething(' ') TSomething('d') TSomething('d') TSomething(' ') TSomething(':') TSomething(' ') TSomething('N') TSomething('A') TSomething('T') TSomething('
') TOtherClauseBegin('SETS') TSomething(' ') TSomething('G') TSomething('G') TSomething('G') TSomething(';') TSomething(' ') TSomething('H') TSomething('h') TSomething('h') TSomething(';') TSomething(' ') TSomething('J') TSomething('J') TSomething(' ') TSomething('=') TSomething(' ') TSomething('{') TSomething('d') TSomething('a') TSomething('d') TSomething('a') TSomething(',') TSomething(' ') TSomething('d') TSomething('u') TSomething('d') TSomething('u') TSomething(',') TSomething(' ') TSomething('T') TSomething('U') TSomething('T') TSomething('U') TSomething('T') TSomething('}') TSomething(';') TSomething(' ') TSomething('i') TSomething('I') TSomething('I') TSomething(';') TSomething(' ') TSomething('k') TSomething('k') TSomething('k') TSomething(' ') TSomething('=') TSomething(' ') TSomething('{') TSomething('L') TSomething('L') TSomething('L') TSomething('}') TSomething('
') TEndMachine('END') 
TMachine('MACHINE') TIdentifierLiteral('SimplyStructure') TVariables('VARIABLES') TIdentifierLiteral('aa') TComma(',') TIdentifierLiteral('b') TComma(',') TIdentifierLiteral('Cc') TInvariant('INVARIANT') TIdentifierLiteral('aa') TElementOf(':') TNat('NAT') TInitialisation('INITIALISATION') TIdentifierLiteral('aa') TAssign(':=') TIntegerLiteral('1') TConstants('CONSTANTS') TIdentifierLiteral('dd') TComma(',') TIdentifierLiteral('e') TComma(',') TIdentifierLiteral('Ff') TProperties('PROPERTIES') TIdentifierLiteral('dd') TElementOf(':') TNat('NAT') TSets('SETS') TIdentifierLiteral('GGG') TSemicolon(';') TIdentifierLiteral('Hhh') TSemicolon(';') TIdentifierLiteral('JJ') TEqual('=') TLeftBrace('{') TIdentifierLiteral('dada') TComma(',') TIdentifierLiteral('dudu') TComma(',') TIdentifierLiteral('TUTUT') TRightBrace('}') TSemicolon(';') TIdentifierLiteral('iII') TSemicolon(';') TIdentifierLiteral('kkk') TEqual('=') TLeftBrace('{') TIdentifierLiteral('LLL') TRightBrace('}') TEnd('END') ]]></system-out>
  <system-err><![CDATA[]]></system-err>
</testsuite>
