<?xml version="1.0" encoding="UTF-8"?>
<testsuite errors="0" failures="0" hostname="stupsi" name="de.be4.classicalb.core.parser.FastReadTransformerTest" tests="9" time="0.146" timestamp="2011-07-18T09:44:27">
  <properties />
  <testcase classname="de.be4.classicalb.core.parser.FastReadTransformerTest" name="testSingleNumber" time="0.032" />
  <testcase classname="de.be4.classicalb.core.parser.FastReadTransformerTest" name="testSingleAtom1" time="0.004" />
  <testcase classname="de.be4.classicalb.core.parser.FastReadTransformerTest" name="testSingleAtom3" time="0.006" />
  <testcase classname="de.be4.classicalb.core.parser.FastReadTransformerTest" name="testSimpleFunctor2" time="0.001" />
  <testcase classname="de.be4.classicalb.core.parser.FastReadTransformerTest" name="testSingleVariable" time="0.008" />
  <testcase classname="de.be4.classicalb.core.parser.FastReadTransformerTest" name="testSimpleFunctor" time="0.026" />
  <testcase classname="de.be4.classicalb.core.parser.FastReadTransformerTest" name="testSingleAtom2" time="0.0" />
  <testcase classname="de.be4.classicalb.core.parser.FastReadTransformerTest" name="testEmptyList" time="0.0" />
  <testcase classname="de.be4.classicalb.core.parser.FastReadTransformerTest" name="testOneAtomList" time="0.001" />
  <system-out><![CDATA[]]></system-out>
  <system-err><![CDATA[]]></system-err>
</testsuite>
