<?xml version="1.0" encoding="UTF-8"?>
<testsuite errors="0" failures="0" hostname="stupsi" name="de.be4.classicalb.core.parser.SourcePositionsTest" tests="9" time="0.177" timestamp="2011-07-18T09:44:27">
  <properties />
  <testcase classname="de.be4.classicalb.core.parser.SourcePositionsTest" name="testTokenAsPositionedNode" time="0.009" />
  <testcase classname="de.be4.classicalb.core.parser.SourcePositionsTest" name="testAddExpression" time="0.002" />
  <testcase classname="de.be4.classicalb.core.parser.SourcePositionsTest" name="testSequenceSubst" time="0.003" />
  <testcase classname="de.be4.classicalb.core.parser.SourcePositionsTest" name="testMultilineSubst" time="0.006" />
  <testcase classname="de.be4.classicalb.core.parser.SourcePositionsTest" name="testComment1" time="0.011" />
  <testcase classname="de.be4.classicalb.core.parser.SourcePositionsTest" name="testComment2" time="0.002" />
  <testcase classname="de.be4.classicalb.core.parser.SourcePositionsTest" name="testNodeToString" time="0.004" />
  <testcase classname="de.be4.classicalb.core.parser.SourcePositionsTest" name="testVariablesSourcePositions" time="0.037" />
  <testcase classname="de.be4.classicalb.core.parser.SourcePositionsTest" name="testGetTokenForPosition" time="0.012" />
  <system-out><![CDATA[]]></system-out>
  <system-err><![CDATA[]]></system-err>
</testsuite>
