<?xml version="1.0" encoding="UTF-8"?>
<testsuite errors="0" failures="0" hostname="stupsi" name="de.be4.classicalb.core.parser.ExpressionTest" tests="36" time="0.766" timestamp="2011-07-18T09:44:31">
  <properties />
  <testcase classname="de.be4.classicalb.core.parser.ExpressionTest" name="testAddExpression" time="0.013" />
  <testcase classname="de.be4.classicalb.core.parser.ExpressionTest" name="testPower1" time="0.005" />
  <testcase classname="de.be4.classicalb.core.parser.ExpressionTest" name="testPower2" time="0.003" />
  <testcase classname="de.be4.classicalb.core.parser.ExpressionTest" name="testPred1" time="0.002" />
  <testcase classname="de.be4.classicalb.core.parser.ExpressionTest" name="testPred2" time="0.006" />
  <testcase classname="de.be4.classicalb.core.parser.ExpressionTest" name="testSucc1" time="0.015" />
  <testcase classname="de.be4.classicalb.core.parser.ExpressionTest" name="testSucc2" time="0.018" />
  <testcase classname="de.be4.classicalb.core.parser.ExpressionTest" name="testSubExpression" time="0.001" />
  <testcase classname="de.be4.classicalb.core.parser.ExpressionTest" name="testCoupleExpression" time="0.01" />
  <testcase classname="de.be4.classicalb.core.parser.ExpressionTest" name="testCoupleExpression2" time="0.018" />
  <testcase classname="de.be4.classicalb.core.parser.ExpressionTest" name="testQuantifiedUnionExpression" time="0.006" />
  <testcase classname="de.be4.classicalb.core.parser.ExpressionTest" name="testQuantifiedUnionExpression2" time="0.002" />
  <testcase classname="de.be4.classicalb.core.parser.ExpressionTest" name="testLambdaExpression" time="0.026" />
  <testcase classname="de.be4.classicalb.core.parser.ExpressionTest" name="testLambdaExpression2" time="0.006" />
  <testcase classname="de.be4.classicalb.core.parser.ExpressionTest" name="testTotalRelationExpression" time="0.014" />
  <testcase classname="de.be4.classicalb.core.parser.ExpressionTest" name="testSurjectionRelationExpression" time="0.016" />
  <testcase classname="de.be4.classicalb.core.parser.ExpressionTest" name="testTotalSurjectionRelationExpression" time="0.016" />
  <testcase classname="de.be4.classicalb.core.parser.ExpressionTest" name="testFunction1" time="0.001" />
  <testcase classname="de.be4.classicalb.core.parser.ExpressionTest" name="testFunction2" time="0.016" />
  <testcase classname="de.be4.classicalb.core.parser.ExpressionTest" name="testString1" time="0.011" />
  <testcase classname="de.be4.classicalb.core.parser.ExpressionTest" name="testString2" time="0.009" />
  <testcase classname="de.be4.classicalb.core.parser.ExpressionTest" name="testEmptySequence1" time="0.017" />
  <testcase classname="de.be4.classicalb.core.parser.ExpressionTest" name="testEmptySequence2" time="0.002" />
  <testcase classname="de.be4.classicalb.core.parser.ExpressionTest" name="testImage1" time="0.003" />
  <testcase classname="de.be4.classicalb.core.parser.ExpressionTest" name="testImage2" time="0.011" />
  <testcase classname="de.be4.classicalb.core.parser.ExpressionTest" name="testImage3" time="0.003" />
  <testcase classname="de.be4.classicalb.core.parser.ExpressionTest" name="testIntervalMinus" time="0.004" />
  <testcase classname="de.be4.classicalb.core.parser.ExpressionTest" name="testCoupleMinus" time="0.001" />
  <testcase classname="de.be4.classicalb.core.parser.ExpressionTest" name="testPlusMinus" time="0.002" />
  <testcase classname="de.be4.classicalb.core.parser.ExpressionTest" name="testUnionMinus" time="0.013" />
  <testcase classname="de.be4.classicalb.core.parser.ExpressionTest" name="testConcat" time="0.002" />
  <testcase classname="de.be4.classicalb.core.parser.ExpressionTest" name="testString" time="0.006" />
  <testcase classname="de.be4.classicalb.core.parser.ExpressionTest" name="testEmptyString" time="0.002" />
  <testcase classname="de.be4.classicalb.core.parser.ExpressionTest" name="testComprehensionSets" time="0.011" />
  <testcase classname="de.be4.classicalb.core.parser.ExpressionTest" name="testProverComprehensionSets" time="0.022" />
  <testcase classname="de.be4.classicalb.core.parser.ExpressionTest" name="testRelationalImagePrio" time="0.022" />
  <system-out><![CDATA[]]></system-out>
  <system-err><![CDATA[]]></system-err>
</testsuite>
