<?xml version="1.0" encoding="UTF-8"?>
<testsuite errors="0" failures="0" hostname="stupsi" name="de.be4.classicalb.core.parser.PreParserTest" tests="9" time="0.035" timestamp="2011-07-18T09:44:58">
  <properties />
  <testcase classname="de.be4.classicalb.core.parser.PreParserTest" name="testSimple1" time="0.002" />
  <testcase classname="de.be4.classicalb.core.parser.PreParserTest" name="testSimple2" time="0.0" />
  <testcase classname="de.be4.classicalb.core.parser.PreParserTest" name="testParameters1" time="0.001" />
  <testcase classname="de.be4.classicalb.core.parser.PreParserTest" name="testParameters2" time="0.002" />
  <testcase classname="de.be4.classicalb.core.parser.PreParserTest" name="testComplete1" time="0.0" />
  <testcase classname="de.be4.classicalb.core.parser.PreParserTest" name="testComplete2" time="0.001" />
  <testcase classname="de.be4.classicalb.core.parser.PreParserTest" name="testComments1" time="0.0" />
  <testcase classname="de.be4.classicalb.core.parser.PreParserTest" name="testComments2" time="0.001" />
  <testcase classname="de.be4.classicalb.core.parser.PreParserTest" name="testComments3" time="0.001" />
  <system-out><![CDATA[]]></system-out>
  <system-err><![CDATA[]]></system-err>
</testsuite>
